#
# There is insufficient memory for the Java Runtime Environment to continue.
# Native memory allocation (malloc) failed to allocate 2097152 bytes for AllocateHeap
# Possible reasons:
#   The system is out of physical RAM or swap space
#   The process is running with CompressedOops enabled, and the Java Heap may be blocking the growth of the native heap
# Possible solutions:
#   Reduce memory load on the system
#   Increase physical memory or swap space
#   Check if swap backing store is full
#   Decrease Java heap size (-Xmx/-Xms)
#   Decrease number of Java threads
#   Decrease Java thread stack sizes (-Xss)
#   Set larger code cache with -XX:ReservedCodeCacheSize=
#   JVM is running with Zero Based Compressed Oops mode in which the Java heap is
#     placed in the first 32GB address space. The Java Heap base address is the
#     maximum limit for the native heap growth. Please use -XX:HeapBaseMinAddress
#     to set the Java Heap base and to place the Java Heap above 32GB virtual address.
# This output file may be truncated or incomplete.
#
#  Out of Memory Error (allocation.cpp:44), pid=30220, tid=3948
#
# JRE version: OpenJDK Runtime Environment Temurin-17.0.4+8 (17.0.4+8) (build 17.0.4+8)
# Java VM: OpenJDK 64-Bit Server VM Temurin-17.0.4+8 (17.0.4+8, mixed mode, emulated-client, tiered, compressed oops, compressed class ptrs, g1 gc, windows-amd64)
# No core dump will be written. Minidumps are not enabled by default on client versions of Windows
#

---------------  S U M M A R Y ------------

Command Line: -XX:+ShowCodeDetailsInExceptionMessages -agentlib:jdwp=transport=dt_socket,suspend=y,address=localhost:52017 -Dcom.sun.management.jmxremote -Dcom.sun.management.jmxremote.port=52016 -Dcom.sun.management.jmxremote.authenticate=false -Dcom.sun.management.jmxremote.ssl=false -Djava.rmi.server.hostname=localhost -Dspring.jmx.enabled=true -Dspring.application.admin.enabled=true -XX:TieredStopAtLevel=1 -Dspring.boot.project.name=nttdatacenters-spring-t4-JJMA -javaagent:D:\CURSOS\Microservicios\sts\sts-4.15.3.RELEASE\configuration\org.eclipse.osgi\258\0\.cp\lib\javaagent-shaded.jar -Dfile.encoding=UTF-8 com.nttdata.NttdatacentersSpringT3JjmaApplication --spring.output.ansi.enabled=always

Host: Intel(R) Core(TM) i7-8750H CPU @ 2.20GHz, 12 cores, 15G,  Windows 10 , 64 bit Build 19041 (10.0.19041.2364)
Time: Fri Dec 23 19:25:13 2022 Hora estándar romance elapsed time: 765.614806 seconds (0d 0h 12m 45s)

---------------  T H R E A D  ---------------

Current thread (0x0000026b8abb0ef0):  VMThread "VM Thread" [stack: 0x000000defb100000,0x000000defb200000] [id=3948]

Stack: [0x000000defb100000,0x000000defb200000]
Native frames: (J=compiled Java code, j=interpreted, Vv=VM code, C=native code)
V  [jvm.dll+0x67733a]
V  [jvm.dll+0x8323c4]
V  [jvm.dll+0x833b6e]
V  [jvm.dll+0x8341d3]
V  [jvm.dll+0x2455e5]
V  [jvm.dll+0xa6393]
V  [jvm.dll+0x2f5831]
V  [jvm.dll+0x2f14b0]
V  [jvm.dll+0x2d9b97]
V  [jvm.dll+0x31cca7]
V  [jvm.dll+0x83867b]
V  [jvm.dll+0x8393b4]
V  [jvm.dll+0x8398cc]
V  [jvm.dll+0x839ca4]
V  [jvm.dll+0x839d70]
V  [jvm.dll+0x7e245a]
V  [jvm.dll+0x6761c5]
C  [ucrtbase.dll+0x21bb2]
C  [KERNEL32.DLL+0x17614]
C  [ntdll.dll+0x526a1]

VM_Operation (0x000000defa9ff290): G1CollectFull, mode: safepoint, requested by thread 0x0000026b921caf20


---------------  P R O C E S S  ---------------

Threads class SMR info:
_java_thread_list=0x0000026b8b57b450, length=23, elements={
0x0000026b8b420840, 0x0000026b8b423ab0, 0x0000026b8b4838d0, 0x0000026b8b484190,
0x0000026b8b4851f0, 0x0000026b8b4872b0, 0x0000026b8b48be00, 0x0000026b8b48fc00,
0x0000026b8b487780, 0x0000026b8b6811e0, 0x0000026b8b682ea0, 0x0000026b8b683580,
0x0000026b8b48a2d0, 0x0000026b8b487c50, 0x0000026b8b488120, 0x0000026b8b489930,
0x0000026b8b489e00, 0x0000026b8b489460, 0x0000026b8da8bf70, 0x0000026b8da8cde0,
0x0000026b8da89dc0, 0x0000026b921c7a30, 0x0000026b921caf20
}

Java Threads: ( => current thread )
  0x0000026b8b420840 JavaThread "Reference Handler" daemon [_thread_blocked, id=22968, stack(0x000000defb200000,0x000000defb300000)]
  0x0000026b8b423ab0 JavaThread "Finalizer" daemon [_thread_blocked, id=17272, stack(0x000000defb300000,0x000000defb400000)]
  0x0000026b8b4838d0 JavaThread "Signal Dispatcher" daemon [_thread_blocked, id=28848, stack(0x000000defb400000,0x000000defb500000)]
  0x0000026b8b484190 JavaThread "Attach Listener" daemon [_thread_blocked, id=17724, stack(0x000000defb500000,0x000000defb600000)]
  0x0000026b8b4851f0 JavaThread "Service Thread" daemon [_thread_blocked, id=28620, stack(0x000000defb600000,0x000000defb700000)]
  0x0000026b8b4872b0 JavaThread "Monitor Deflation Thread" daemon [_thread_blocked, id=28132, stack(0x000000defb700000,0x000000defb800000)]
  0x0000026b8b48be00 JavaThread "C1 CompilerThread0" daemon [_thread_blocked, id=21272, stack(0x000000defb800000,0x000000defb900000)]
  0x0000026b8b48fc00 JavaThread "Sweeper thread" daemon [_thread_blocked, id=14960, stack(0x000000defb900000,0x000000defba00000)]
  0x0000026b8b487780 JavaThread "Common-Cleaner" daemon [_thread_blocked, id=30592, stack(0x000000defba00000,0x000000defbb00000)]
  0x0000026b8b6811e0 JavaThread "JDWP Transport Listener: dt_socket" daemon [_thread_blocked, id=27200, stack(0x000000defbd00000,0x000000defbe00000)]
  0x0000026b8b682ea0 JavaThread "JDWP Event Helper Thread" daemon [_thread_blocked, id=28420, stack(0x000000defbe00000,0x000000defbf00000)]
  0x0000026b8b683580 JavaThread "JDWP Command Reader" daemon [_thread_in_native, id=18728, stack(0x000000defbf00000,0x000000defc000000)]
  0x0000026b8b48a2d0 JavaThread "Notification Thread" daemon [_thread_blocked, id=23524, stack(0x000000defc000000,0x000000defc100000)]
  0x0000026b8b487c50 JavaThread "RMI TCP Accept-0" daemon [_thread_in_native, id=24028, stack(0x000000defc100000,0x000000defc200000)]
  0x0000026b8b488120 JavaThread "RMI TCP Accept-52016" daemon [_thread_in_native, id=27008, stack(0x000000defc200000,0x000000defc300000)]
  0x0000026b8b489930 JavaThread "RMI TCP Accept-0" daemon [_thread_in_native, id=30264, stack(0x000000defc300000,0x000000defc400000)]
  0x0000026b8b489e00 JavaThread "RMI Scheduler(0)" daemon [_thread_blocked, id=28832, stack(0x000000defd200000,0x000000defd300000)]
  0x0000026b8b489460 JavaThread "JMX server connection timeout 28" daemon [_thread_blocked, id=20520, stack(0x000000defd400000,0x000000defd500000)]
  0x0000026b8da8bf70 JavaThread "mysql-cj-abandoned-connection-cleanup" daemon [_thread_blocked, id=29124, stack(0x000000defd700000,0x000000defd800000)]
  0x0000026b8da8cde0 JavaThread "Live Reload Server" daemon [_thread_in_native, id=21784, stack(0x000000defe000000,0x000000defe100000)]
  0x0000026b8da89dc0 JavaThread "DestroyJavaVM" [_thread_blocked, id=16876, stack(0x000000defab00000,0x000000defac00000)]
  0x0000026b921c7a30 JavaThread "RMI TCP Connection(idle)" daemon [_thread_blocked, id=26056, stack(0x000000defee00000,0x000000defef00000)]
  0x0000026b921caf20 JavaThread "Thread-5" [_thread_blocked, id=29016, stack(0x000000defa900000,0x000000defaa00000)]

Other Threads:
=>0x0000026b8abb0ef0 VMThread "VM Thread" [stack: 0x000000defb100000,0x000000defb200000] [id=3948]
  0x0000026bf5cf7a70 WatcherThread [stack: 0x000000defc400000,0x000000defc500000] [id=20688]
  0x0000026bf5d5eb30 GCTaskThread "GC Thread#0" [stack: 0x000000defac00000,0x000000defad00000] [id=15388]
  0x0000026b8c353540 GCTaskThread "GC Thread#1" [stack: 0x000000defc500000,0x000000defc600000] [id=27364]
  0x0000026b8c3537f0 GCTaskThread "GC Thread#2" [stack: 0x000000defc600000,0x000000defc700000] [id=10636]
  0x0000026b8c353aa0 GCTaskThread "GC Thread#3" [stack: 0x000000defc700000,0x000000defc800000] [id=28592]
  0x0000026b8c353d50 GCTaskThread "GC Thread#4" [stack: 0x000000defc800000,0x000000defc900000] [id=6052]
  0x0000026b8c1c55a0 GCTaskThread "GC Thread#5" [stack: 0x000000defc900000,0x000000defca00000] [id=13816]
  0x0000026b8c43a910 GCTaskThread "GC Thread#6" [stack: 0x000000defca00000,0x000000defcb00000] [id=27928]
  0x0000026b8c1cdf40 GCTaskThread "GC Thread#7" [stack: 0x000000defcb00000,0x000000defcc00000] [id=6392]
  0x0000026b8c1ce1f0 GCTaskThread "GC Thread#8" [stack: 0x000000defcc00000,0x000000defcd00000] [id=27988]
  0x0000026b8c43ebd0 GCTaskThread "GC Thread#9" [stack: 0x000000defcd00000,0x000000defce00000] [id=28916]
  0x0000026bf5d6f630 ConcurrentGCThread "G1 Main Marker" [stack: 0x000000defad00000,0x000000defae00000] [id=25020]
  0x0000026bf5d70600 ConcurrentGCThread "G1 Conc#0" [stack: 0x000000defae00000,0x000000defaf00000] [id=25124]
  0x0000026b8d302b10 ConcurrentGCThread "G1 Conc#1" [stack: 0x000000defd500000,0x000000defd600000] [id=26852]
  0x0000026b8d302dc0 ConcurrentGCThread "G1 Conc#2" [stack: 0x000000defd600000,0x000000defd700000] [id=12512]
  0x0000026b8aa65100 ConcurrentGCThread "G1 Refine#0" [stack: 0x000000defaf00000,0x000000defb000000] [id=29516]
  0x0000026b8c1cd2c0 ConcurrentGCThread "G1 Refine#1" [stack: 0x000000defce00000,0x000000defcf00000] [id=11444]
  0x0000026b8aa658d0 ConcurrentGCThread "G1 Service" [stack: 0x000000defb000000,0x000000defb100000] [id=23228]

Threads with active compile tasks:

VM state: at safepoint (normal execution)

VM Mutex/Monitor currently owned by a thread:  ([mutex/lock_event])
[0x0000026bf5cf2660] Threads_lock - owner thread: 0x0000026b8abb0ef0
[0x0000026bf5cf21e0] Heap_lock - owner thread: 0x0000026b921caf20

Heap address: 0x0000000701e00000, size: 4066 MB, Compressed Oops mode: Zero based, Oop shift amount: 3

CDS archive(s) not mapped
Compressed class space mapped at: 0x0000000800000000-0x0000000840000000, reserved size: 1073741824
Narrow klass base: 0x0000000800000000, Narrow klass shift: 0, Narrow klass range: 0x40000000

GC Precious Log:
 CPUs: 12 total, 12 available
 Memory: 16260M
 Large Page Support: Disabled
 NUMA Support: Disabled
 Compressed Oops: Enabled (Zero based)
 Heap Region Size: 2M
 Heap Min Capacity: 8M
 Heap Initial Capacity: 256M
 Heap Max Capacity: 4066M
 Pre-touch: Disabled
 Parallel Workers: 10
 Concurrent Workers: 3
 Concurrent Refinement Workers: 10
 Periodic GC: Disabled

Heap:
 garbage-first heap   total 90112K, used 38725K [0x0000000701e00000, 0x0000000800000000)
  region size 2048K, 10 young (20480K), 4 survivors (8192K)
 Metaspace       used 74046K, committed 74624K, reserved 1114112K
  class space    used 9832K, committed 10112K, reserved 1048576K

Heap Regions: E=young(eden), S=young(survivor), O=old, HS=humongous(starts), HC=humongous(continues), CS=collection set, F=free, OA=open archive, CA=closed archive, TAMS=top-at-mark-start (previous, next)
|   0|0x0000000701e00000, 0x0000000702000000, 0x0000000702000000|100%| O|  |TAMS 0x0000000702000000, 0x0000000701e00000| Untracked 
|   1|0x0000000702000000, 0x0000000702200000, 0x0000000702200000|100%| O|  |TAMS 0x0000000702200000, 0x0000000702000000| Untracked 
|   2|0x0000000702200000, 0x0000000702400000, 0x0000000702400000|100%| O|  |TAMS 0x0000000702400000, 0x0000000702200000| Untracked 
|   3|0x0000000702400000, 0x0000000702600000, 0x0000000702600000|100%| O|  |TAMS 0x0000000702600000, 0x0000000702400000| Untracked 
|   4|0x0000000702600000, 0x0000000702800000, 0x0000000702800000|100%| O|  |TAMS 0x0000000702800000, 0x0000000702600000| Untracked 
|   5|0x0000000702800000, 0x0000000702a00000, 0x0000000702a00000|100%| O|  |TAMS 0x0000000702800000, 0x0000000702800000| Untracked 
|   6|0x0000000702a00000, 0x0000000702c00000, 0x0000000702c00000|100%| O|  |TAMS 0x0000000702a00000, 0x0000000702a00000| Untracked 
|   7|0x0000000702c00000, 0x0000000702d77a00, 0x0000000702e00000| 73%| O|  |TAMS 0x0000000702c00000, 0x0000000702c00000| Untracked 
|   8|0x0000000702e00000, 0x0000000702e00000, 0x0000000703000000|  0%| F|  |TAMS 0x0000000702e00000, 0x0000000702e00000| Untracked 
|   9|0x0000000703000000, 0x0000000703200000, 0x0000000703200000|100%| O|  |TAMS 0x0000000703200000, 0x0000000703000000| Untracked 
|  10|0x0000000703200000, 0x0000000703400000, 0x0000000703400000|100%| O|  |TAMS 0x0000000703400000, 0x0000000703200000| Untracked 
|  11|0x0000000703400000, 0x0000000703600000, 0x0000000703600000|100%| O|  |TAMS 0x0000000703600000, 0x0000000703400000| Untracked 
|  12|0x0000000703600000, 0x0000000703600000, 0x0000000703800000|  0%| F|  |TAMS 0x0000000703600000, 0x0000000703600000| Untracked 
|  13|0x0000000703800000, 0x0000000703800000, 0x0000000703a00000|  0%| F|  |TAMS 0x0000000703800000, 0x0000000703800000| Untracked 
|  14|0x0000000703a00000, 0x0000000703a00000, 0x0000000703c00000|  0%| F|  |TAMS 0x0000000703a00000, 0x0000000703a00000| Untracked 
|  15|0x0000000703c00000, 0x0000000703c59d20, 0x0000000703e00000| 17%| S|CS|TAMS 0x0000000703c00000, 0x0000000703c00000| Complete 
|  16|0x0000000703e00000, 0x0000000704000000, 0x0000000704000000|100%| S|CS|TAMS 0x0000000703e00000, 0x0000000703e00000| Complete 
|  17|0x0000000704000000, 0x0000000704200000, 0x0000000704200000|100%| S|CS|TAMS 0x0000000704000000, 0x0000000704000000| Complete 
|  18|0x0000000704200000, 0x0000000704400000, 0x0000000704400000|100%| S|CS|TAMS 0x0000000704200000, 0x0000000704200000| Complete 
|  19|0x0000000704400000, 0x0000000704400000, 0x0000000704600000|  0%| F|  |TAMS 0x0000000704400000, 0x0000000704400000| Untracked 
|  20|0x0000000704600000, 0x0000000704600000, 0x0000000704800000|  0%| F|  |TAMS 0x0000000704600000, 0x0000000704600000| Untracked 
|  21|0x0000000704800000, 0x0000000704800000, 0x0000000704a00000|  0%| F|  |TAMS 0x0000000704800000, 0x0000000704800000| Untracked 
|  22|0x0000000704a00000, 0x0000000704a00000, 0x0000000704c00000|  0%| F|  |TAMS 0x0000000704a00000, 0x0000000704a00000| Untracked 
|  23|0x0000000704c00000, 0x0000000704c00000, 0x0000000704e00000|  0%| F|  |TAMS 0x0000000704c00000, 0x0000000704c00000| Untracked 
|  24|0x0000000704e00000, 0x0000000704e00000, 0x0000000705000000|  0%| F|  |TAMS 0x0000000704e00000, 0x0000000704e00000| Untracked 
|  25|0x0000000705000000, 0x0000000705000000, 0x0000000705200000|  0%| F|  |TAMS 0x0000000705000000, 0x0000000705000000| Untracked 
|  26|0x0000000705200000, 0x0000000705200000, 0x0000000705400000|  0%| F|  |TAMS 0x0000000705200000, 0x0000000705200000| Untracked 
|  27|0x0000000705400000, 0x0000000705400000, 0x0000000705600000|  0%| F|  |TAMS 0x0000000705400000, 0x0000000705400000| Untracked 
|  28|0x0000000705600000, 0x0000000705600000, 0x0000000705800000|  0%| F|  |TAMS 0x0000000705600000, 0x0000000705600000| Untracked 
|  29|0x0000000705800000, 0x0000000705800000, 0x0000000705a00000|  0%| F|  |TAMS 0x0000000705800000, 0x0000000705800000| Untracked 
|  30|0x0000000705a00000, 0x0000000705a00000, 0x0000000705c00000|  0%| F|  |TAMS 0x0000000705a00000, 0x0000000705a00000| Untracked 
|  31|0x0000000705c00000, 0x0000000705c00000, 0x0000000705e00000|  0%| F|  |TAMS 0x0000000705c00000, 0x0000000705c00000| Untracked 
|  32|0x0000000705e00000, 0x0000000705e00000, 0x0000000706000000|  0%| F|  |TAMS 0x0000000705e00000, 0x0000000705e00000| Untracked 
|  33|0x0000000706000000, 0x0000000706000000, 0x0000000706200000|  0%| F|  |TAMS 0x0000000706000000, 0x0000000706000000| Untracked 
|  34|0x0000000706200000, 0x0000000706200000, 0x0000000706400000|  0%| F|  |TAMS 0x0000000706200000, 0x0000000706200000| Untracked 
|  35|0x0000000706400000, 0x0000000706400000, 0x0000000706600000|  0%| F|  |TAMS 0x0000000706400000, 0x0000000706400000| Untracked 
|  36|0x0000000706600000, 0x0000000706600000, 0x0000000706800000|  0%| F|  |TAMS 0x0000000706600000, 0x0000000706600000| Untracked 
|  37|0x0000000706800000, 0x0000000706800000, 0x0000000706a00000|  0%| F|  |TAMS 0x0000000706800000, 0x0000000706800000| Untracked 
|  38|0x0000000706a00000, 0x0000000706a96348, 0x0000000706c00000| 29%| E|  |TAMS 0x0000000706a00000, 0x0000000706a00000| Complete 
|  39|0x0000000706c00000, 0x0000000706e00000, 0x0000000706e00000|100%| E|CS|TAMS 0x0000000706c00000, 0x0000000706c00000| Complete 
|  45|0x0000000707800000, 0x0000000707a00000, 0x0000000707a00000|100%| E|CS|TAMS 0x0000000707800000, 0x0000000707800000| Complete 
|  46|0x0000000707a00000, 0x0000000707c00000, 0x0000000707c00000|100%| E|CS|TAMS 0x0000000707a00000, 0x0000000707a00000| Complete 
|  47|0x0000000707c00000, 0x0000000707e00000, 0x0000000707e00000|100%| E|CS|TAMS 0x0000000707c00000, 0x0000000707c00000| Complete 
| 127|0x0000000711c00000, 0x0000000711e00000, 0x0000000711e00000|100%| E|CS|TAMS 0x0000000711c00000, 0x0000000711c00000| Complete 

Card table byte_map: [0x0000026bfeeb0000,0x0000026bff6b0000] _byte_map_base: 0x0000026bfb6a1000

Marking Bits (Prev, Next): (CMBitMap*) 0x0000026bf5d5ef30, (CMBitMap*) 0x0000026bf5d5eef0
 Prev Bits: [0x0000026b83f90000, 0x0000026b87f18000)
 Next Bits: [0x0000026b80000000, 0x0000026b83f88000)

Polling page: 0x0000026bf59e0000

Metaspace:

Usage:
  Non-class:     62.71 MB used.
      Class:      9.60 MB used.
       Both:     72.31 MB used.

Virtual space:
  Non-class space:       64.00 MB reserved,      63.00 MB ( 98%) committed,  8 nodes.
      Class space:        1.00 GB reserved,       9.88 MB ( <1%) committed,  1 nodes.
             Both:        1.06 GB reserved,      72.88 MB (  7%) committed. 

Chunk freelists:
   Non-Class:  294.00 KB
       Class:  2.17 MB
        Both:  2.46 MB

MaxMetaspaceSize: unlimited
CompressedClassSpaceSize: 1.00 GB
Initial GC threshold: 21.00 MB
Current GC threshold: 98.06 MB
CDS: off
MetaspaceReclaimPolicy: balanced
 - commit_granule_bytes: 65536.
 - commit_granule_words: 8192.
 - virtual_space_node_default_size: 1048576.
 - enlarge_chunks_in_place: 1.
 - new_chunks_are_fully_committed: 0.
 - uncommit_free_chunks: 1.
 - use_allocation_guard: 0.
 - handle_deallocations: 1.


Internal statistics:

num_allocs_failed_limit: 9.
num_arena_births: 746.
num_arena_deaths: 0.
num_vsnodes_births: 9.
num_vsnodes_deaths: 0.
num_space_committed: 1166.
num_space_uncommitted: 0.
num_chunks_returned_to_freelist: 9.
num_chunks_taken_from_freelist: 3051.
num_chunk_merges: 9.
num_chunk_splits: 2250.
num_chunks_enlarged: 1783.
num_purges: 0.
num_inconsistent_stats: 0.

CodeCache: size=49152Kb used=10145Kb max_used=11085Kb free=39006Kb
 bounds [0x0000026bfaba0000, 0x0000026bfb680000, 0x0000026bfdba0000]
 total_blobs=5887 nmethods=5229 adapters=585
 compilation: enabled
              stopped_count=0, restarted_count=0
 full_count=0

Compilation events (20 events):
Event: 765.399 Thread 0x0000026b8b48be00 5221       1       org.h2.result.DefaultRow::getValue (22 bytes)
Event: 765.399 Thread 0x0000026b8b48be00 nmethod 5221 0x0000026bfad36e90 code [0x0000026bfad37040, 0x0000026bfad37188]
Event: 765.399 Thread 0x0000026b8b48be00 5217       1       java.lang.Integer::toHexString (6 bytes)
Event: 765.399 Thread 0x0000026b8b48be00 nmethod 5217 0x0000026bfad36b90 code [0x0000026bfad36d20, 0x0000026bfad36de8]
Event: 765.399 Thread 0x0000026b8b48be00 5218       1       java.lang.Integer::toUnsignedString0 (76 bytes)
Event: 765.399 Thread 0x0000026b8b48be00 nmethod 5218 0x0000026bfad36610 code [0x0000026bfad367c0, 0x0000026bfad36a58]
Event: 765.399 Thread 0x0000026b8b48be00 5223       1       org.hibernate.service.spi.ServiceBinding::getService (5 bytes)
Event: 765.399 Thread 0x0000026b8b48be00 nmethod 5223 0x0000026bfad36310 code [0x0000026bfad364a0, 0x0000026bfad36578]
Event: 765.399 Thread 0x0000026b8b48be00 5222       1       org.h2.mvstore.MVMap::getValueType (5 bytes)
Event: 765.399 Thread 0x0000026b8b48be00 nmethod 5222 0x0000026bfad36010 code [0x0000026bfad361a0, 0x0000026bfad36278]
Event: 765.400 Thread 0x0000026b8b48be00 5224       1       org.hibernate.service.spi.ServiceBinding::getLifecycleOwner (5 bytes)
Event: 765.400 Thread 0x0000026b8b48be00 nmethod 5224 0x0000026bfad35d10 code [0x0000026bfad35ea0, 0x0000026bfad35f78]
Event: 765.401 Thread 0x0000026b8b48be00 5225       1       java.util.concurrent.atomic.AtomicLong::compareAndSet (13 bytes)
Event: 765.401 Thread 0x0000026b8b48be00 nmethod 5225 0x0000026bfad35a10 code [0x0000026bfad35ba0, 0x0000026bfad35c78]
Event: 765.612 Thread 0x0000026b8b48be00 5227       1       java.lang.invoke.InvokerBytecodeGenerator::resolveFrom (81 bytes)
Event: 765.612 Thread 0x0000026b8b48be00 nmethod 5227 0x0000026bfad35290 code [0x0000026bfad35440, 0x0000026bfad35608]
Event: 765.612 Thread 0x0000026b8b48be00 5228       1       java.lang.invoke.MethodHandleStatics::traceLambdaForm (96 bytes)
Event: 765.612 Thread 0x0000026b8b48be00 nmethod 5228 0x0000026bfad34f90 code [0x0000026bfad35120, 0x0000026bfad351b8]
Event: 765.613 Thread 0x0000026b8b48be00 5229       1       ch.qos.logback.classic.Logger::appendLoopOnAppenders (18 bytes)
Event: 765.613 Thread 0x0000026b8b48be00 nmethod 5229 0x0000026bfad34b90 code [0x0000026bfad34d40, 0x0000026bfad34e88]

GC Heap History (20 events):
Event: 2.525 GC heap before
{Heap before GC invocations=10 (full 0):
 garbage-first heap   total 69632K, used 56172K [0x0000000701e00000, 0x0000000800000000)
  region size 2048K, 25 young (51200K), 4 survivors (8192K)
 Metaspace       used 39185K, committed 39616K, reserved 1089536K
  class space    used 4815K, committed 5056K, reserved 1048576K
}
Event: 2.530 GC heap after
{Heap after GC invocations=11 (full 0):
 garbage-first heap   total 71680K, used 17001K [0x0000000701e00000, 0x0000000800000000)
  region size 2048K, 4 young (8192K), 4 survivors (8192K)
 Metaspace       used 39185K, committed 39616K, reserved 1089536K
  class space    used 4815K, committed 5056K, reserved 1048576K
}
Event: 2.542 GC heap before
{Heap before GC invocations=11 (full 0):
 garbage-first heap   total 71680K, used 19049K [0x0000000701e00000, 0x0000000800000000)
  region size 2048K, 5 young (10240K), 4 survivors (8192K)
 Metaspace       used 39419K, committed 39808K, reserved 1089536K
  class space    used 4849K, committed 5056K, reserved 1048576K
}
Event: 2.546 GC heap after
{Heap after GC invocations=12 (full 0):
 garbage-first heap   total 71680K, used 17852K [0x0000000701e00000, 0x0000000800000000)
  region size 2048K, 1 young (2048K), 1 survivors (2048K)
 Metaspace       used 39419K, committed 39808K, reserved 1089536K
  class space    used 4849K, committed 5056K, reserved 1048576K
}
Event: 2.748 GC heap before
{Heap before GC invocations=12 (full 0):
 garbage-first heap   total 71680K, used 52668K [0x0000000701e00000, 0x0000000800000000)
  region size 2048K, 18 young (36864K), 1 survivors (2048K)
 Metaspace       used 42979K, committed 43456K, reserved 1089536K
  class space    used 5260K, committed 5504K, reserved 1048576K
}
Event: 2.749 GC heap after
{Heap after GC invocations=13 (full 0):
 garbage-first heap   total 176128K, used 17752K [0x0000000701e00000, 0x0000000800000000)
  region size 2048K, 1 young (2048K), 1 survivors (2048K)
 Metaspace       used 42979K, committed 43456K, reserved 1089536K
  class space    used 5260K, committed 5504K, reserved 1048576K
}
Event: 3.409 GC heap before
{Heap before GC invocations=13 (full 0):
 garbage-first heap   total 176128K, used 120152K [0x0000000701e00000, 0x0000000800000000)
  region size 2048K, 51 young (104448K), 1 survivors (2048K)
 Metaspace       used 52066K, committed 52480K, reserved 1097728K
  class space    used 6595K, committed 6784K, reserved 1048576K
}
Event: 3.412 GC heap after
{Heap after GC invocations=14 (full 0):
 garbage-first heap   total 176128K, used 19286K [0x0000000701e00000, 0x0000000800000000)
  region size 2048K, 2 young (4096K), 2 survivors (4096K)
 Metaspace       used 52066K, committed 52480K, reserved 1097728K
  class space    used 6595K, committed 6784K, reserved 1048576K
}
Event: 3.887 GC heap before
{Heap before GC invocations=14 (full 0):
 garbage-first heap   total 176128K, used 95062K [0x0000000701e00000, 0x0000000800000000)
  region size 2048K, 40 young (81920K), 2 survivors (4096K)
 Metaspace       used 59619K, committed 60096K, reserved 1105920K
  class space    used 7840K, committed 8064K, reserved 1048576K
}
Event: 3.890 GC heap after
{Heap after GC invocations=15 (full 0):
 garbage-first heap   total 176128K, used 20788K [0x0000000701e00000, 0x0000000800000000)
  region size 2048K, 3 young (6144K), 3 survivors (6144K)
 Metaspace       used 59619K, committed 60096K, reserved 1105920K
  class space    used 7840K, committed 8064K, reserved 1048576K
}
Event: 4.211 GC heap before
{Heap before GC invocations=16 (full 0):
 garbage-first heap   total 90112K, used 69940K [0x0000000701e00000, 0x0000000800000000)
  region size 2048K, 27 young (55296K), 3 survivors (6144K)
 Metaspace       used 63351K, committed 63936K, reserved 1105920K
  class space    used 8378K, committed 8640K, reserved 1048576K
}
Event: 4.215 GC heap after
{Heap after GC invocations=17 (full 0):
 garbage-first heap   total 90112K, used 22407K [0x0000000701e00000, 0x0000000800000000)
  region size 2048K, 3 young (6144K), 3 survivors (6144K)
 Metaspace       used 63351K, committed 63936K, reserved 1105920K
  class space    used 8378K, committed 8640K, reserved 1048576K
}
Event: 4.238 GC heap before
{Heap before GC invocations=17 (full 0):
 garbage-first heap   total 90112K, used 24455K [0x0000000701e00000, 0x0000000800000000)
  region size 2048K, 4 young (8192K), 3 survivors (6144K)
 Metaspace       used 63489K, committed 64000K, reserved 1105920K
  class space    used 8398K, committed 8640K, reserved 1048576K
}
Event: 4.241 GC heap after
{Heap after GC invocations=18 (full 0):
 garbage-first heap   total 90112K, used 22863K [0x0000000701e00000, 0x0000000800000000)
  region size 2048K, 1 young (2048K), 1 survivors (2048K)
 Metaspace       used 63489K, committed 64000K, reserved 1105920K
  class space    used 8398K, committed 8640K, reserved 1048576K
}
Event: 4.622 GC heap before
{Heap before GC invocations=18 (full 0):
 garbage-first heap   total 90112K, used 69967K [0x0000000701e00000, 0x0000000800000000)
  region size 2048K, 25 young (51200K), 1 survivors (2048K)
 Metaspace       used 66810K, committed 67264K, reserved 1114112K
  class space    used 8881K, committed 9088K, reserved 1048576K
}
Event: 4.626 GC heap after
{Heap after GC invocations=19 (full 0):
 garbage-first heap   total 90112K, used 25020K [0x0000000701e00000, 0x0000000800000000)
  region size 2048K, 2 young (4096K), 2 survivors (4096K)
 Metaspace       used 66810K, committed 67264K, reserved 1114112K
  class space    used 8881K, committed 9088K, reserved 1048576K
}
Event: 13.048 GC heap before
{Heap before GC invocations=19 (full 0):
 garbage-first heap   total 90112K, used 68028K [0x0000000701e00000, 0x0000000800000000)
  region size 2048K, 24 young (49152K), 2 survivors (4096K)
 Metaspace       used 70979K, committed 71552K, reserved 1114112K
  class space    used 9430K, committed 9728K, reserved 1048576K
}
Event: 13.052 GC heap after
{Heap after GC invocations=20 (full 0):
 garbage-first heap   total 90112K, used 26347K [0x0000000701e00000, 0x0000000800000000)
  region size 2048K, 3 young (6144K), 3 survivors (6144K)
 Metaspace       used 70979K, committed 71552K, reserved 1114112K
  class space    used 9430K, committed 9728K, reserved 1048576K
}
Event: 404.678 GC heap before
{Heap before GC invocations=20 (full 0):
 garbage-first heap   total 90112K, used 71403K [0x0000000701e00000, 0x0000000800000000)
  region size 2048K, 25 young (51200K), 3 survivors (6144K)
 Metaspace       used 73859K, committed 74496K, reserved 1114112K
  class space    used 9800K, committed 10112K, reserved 1048576K
}
Event: 404.682 GC heap after
{Heap after GC invocations=21 (full 0):
 garbage-first heap   total 90112K, used 28485K [0x0000000701e00000, 0x0000000800000000)
  region size 2048K, 4 young (8192K), 4 survivors (8192K)
 Metaspace       used 73859K, committed 74496K, reserved 1114112K
  class space    used 9800K, committed 10112K, reserved 1048576K
}

Deoptimization events (20 events):
Event: 765.395 Thread 0x0000026b8da8f460 DEOPT PACKING pc=0x0000026bfad59d64 sp=0x000000defdafef50
Event: 765.395 Thread 0x0000026b8da8f460 DEOPT UNPACKING pc=0x0000026bfabf2b43 sp=0x000000defdafe498 mode 1
Event: 765.395 Thread 0x0000026b8da8f460 DEOPT PACKING pc=0x0000026bfad596dc sp=0x000000defdaff070
Event: 765.395 Thread 0x0000026b8da8f460 DEOPT UNPACKING pc=0x0000026bfabf2b43 sp=0x000000defdafe510 mode 1
Event: 765.395 Thread 0x0000026b8da8f460 DEOPT PACKING pc=0x0000026bfad5c774 sp=0x000000defdaff0b0
Event: 765.395 Thread 0x0000026b8da8f460 DEOPT UNPACKING pc=0x0000026bfabf2b43 sp=0x000000defdafe5b0 mode 1
Event: 765.608 Thread 0x0000026b921caf20 DEOPT PACKING pc=0x0000026bfb642dcc sp=0x000000defa9febb0
Event: 765.608 Thread 0x0000026b921caf20 DEOPT UNPACKING pc=0x0000026bfabf2b43 sp=0x000000defa9fe138 mode 1
Event: 765.611 Thread 0x0000026b8da8ac30 DEOPT PACKING pc=0x0000026bfad62e4c sp=0x000000defd9fed80
Event: 765.612 Thread 0x0000026b8da8ac30 DEOPT UNPACKING pc=0x0000026bfabf2b43 sp=0x000000defd9fe320 mode 1
Event: 765.612 Thread 0x0000026b8da8ac30 DEOPT PACKING pc=0x0000026bfad59e0c sp=0x000000defd9fef20
Event: 765.612 Thread 0x0000026b8da8ac30 DEOPT UNPACKING pc=0x0000026bfabf2b43 sp=0x000000defd9fe468 mode 1
Event: 765.612 Thread 0x0000026b8da8ac30 DEOPT PACKING pc=0x0000026bfad596dc sp=0x000000defd9ff040
Event: 765.612 Thread 0x0000026b8da8ac30 DEOPT UNPACKING pc=0x0000026bfabf2b43 sp=0x000000defd9fe4e0 mode 1
Event: 765.612 Thread 0x0000026b8da8ac30 DEOPT PACKING pc=0x0000026bfad5c774 sp=0x000000defd9ff080
Event: 765.612 Thread 0x0000026b8da8ac30 DEOPT UNPACKING pc=0x0000026bfabf2b43 sp=0x000000defd9fe580 mode 1
Event: 765.612 Thread 0x0000026b921cb3f0 DEOPT PACKING pc=0x0000026bfad62e4c sp=0x000000defbbfedb0
Event: 765.612 Thread 0x0000026b921cb3f0 DEOPT UNPACKING pc=0x0000026bfabf2b43 sp=0x000000defbbfe368 mode 1
Event: 765.612 Thread 0x0000026b921cb3f0 DEOPT PACKING pc=0x0000026bfad5c704 sp=0x000000defbbff030
Event: 765.612 Thread 0x0000026b921cb3f0 DEOPT UNPACKING pc=0x0000026bfabf2b43 sp=0x000000defbbfe530 mode 1

Classes unloaded (0 events):
No events

Classes redefined (7 events):
Event: 765.323 Thread 0x0000026b8abb0ef0 redefined class name=com.nttdata.services.ClienteManagementServiceImpl, count=1
Event: 765.323 Thread 0x0000026b8abb0ef0 redefined class name=com.nttdata.NttdatacentersSpringT3JjmaApplication, count=1
Event: 765.323 Thread 0x0000026b8abb0ef0 redefined class name=com.nttdata.NttdatacentersSpringT3JjmaApplication, count=1
Event: 765.323 Thread 0x0000026b8abb0ef0 redefined class name=com.nttdata.controllers.Controlador, count=1
Event: 765.323 Thread 0x0000026b8abb0ef0 redefined class name=com.nttdata.repository.Cliente, count=1
Event: 765.323 Thread 0x0000026b8abb0ef0 redefined class name=com.nttdata.repository.ClienteRepository, count=1
Event: 765.323 Thread 0x0000026b8abb0ef0 redefined class name=com.nttdata.services.ClienteManagementServiceI, count=1

Internal exceptions (20 events):
Event: 4.109 Thread 0x0000026b8b488ac0 Exception <a 'java/lang/IncompatibleClassChangeError'{0x00000007051874a0}: Found class java.lang.Object, but interface was expected> (0x00000007051874a0) 
thrown [s\src\hotspot\share\interpreter\linkResolver.cpp, line 826]
Event: 4.162 Thread 0x0000026b8b488ac0 Exception <a 'java/lang/reflect/InvocationTargetException'{0x00000007047b4aa0}> (0x00000007047b4aa0) 
thrown [s\src\hotspot\share\runtime\reflection.cpp, line 1121]
Event: 4.169 Thread 0x0000026b8b488ac0 Exception <a 'java/lang/NoSuchMethodError'{0x000000070449a740}: 'int java.lang.invoke.DirectMethodHandle$Holder.invokeStatic(java.lang.Object, java.lang.Object, int)'> (0x000000070449a740) 
thrown [s\src\hotspot\share\interpreter\linkResolver.cpp, line 759]
Event: 4.172 Thread 0x0000026b8b488ac0 Exception <a 'java/lang/NoSuchMethodError'{0x00000007044cde38}: 'java.lang.Object java.lang.invoke.DirectMethodHandle$Holder.newInvokeSpecial(java.lang.Object, java.lang.Object, int)'> (0x00000007044cde38) 
thrown [s\src\hotspot\share\interpreter\linkResolver.cpp, line 759]
Event: 4.176 Thread 0x0000026b8b488ac0 Exception <a 'java/lang/IncompatibleClassChangeError'{0x000000070453ba80}: Found class java.lang.Object, but interface was expected> (0x000000070453ba80) 
thrown [s\src\hotspot\share\interpreter\linkResolver.cpp, line 826]
Event: 4.176 Thread 0x0000026b8b488ac0 Exception <a 'java/lang/IncompatibleClassChangeError'{0x0000000704542498}: Found class java.lang.Object, but interface was expected> (0x0000000704542498) 
thrown [s\src\hotspot\share\interpreter\linkResolver.cpp, line 826]
Event: 4.350 Thread 0x0000026b8b488ac0 Exception <a 'java/lang/NoSuchMethodError'{0x000000070666b970}: 'void java.lang.invoke.DirectMethodHandle$Holder.invokeVirtual(java.lang.Object, java.lang.Object, int)'> (0x000000070666b970) 
thrown [s\src\hotspot\share\interpreter\linkResolver.cpp, line 759]
Event: 4.351 Thread 0x0000026b8b488ac0 Exception <a 'java/lang/NoSuchMethodError'{0x0000000706686320}: 'void java.lang.invoke.DirectMethodHandle$Holder.invokeVirtual(java.lang.Object, java.lang.Object, long)'> (0x0000000706686320) 
thrown [s\src\hotspot\share\interpreter\linkResolver.cpp, line 759]
Event: 4.434 Thread 0x0000026b8b488ac0 Exception <a 'java/lang/IncompatibleClassChangeError'{0x0000000705ad8360}: Found class java.lang.Object, but interface was expected> (0x0000000705ad8360) 
thrown [s\src\hotspot\share\interpreter\linkResolver.cpp, line 826]
Event: 4.457 Thread 0x0000026b8b488ac0 Exception <a 'java/lang/NoSuchMethodError'{0x00000007059e42b0}: 'int java.lang.invoke.DirectMethodHandle$Holder.invokeStaticInit(java.lang.Object, java.lang.Object, java.lang.Object, java.lang.Object)'> (0x00000007059e42b0) 
thrown [s\src\hotspot\share\interpreter\linkResolver.cpp, line 759]
Event: 4.563 Thread 0x0000026b8b488ac0 Exception <a 'java/lang/NoSuchMethodError'{0x0000000704a17768}: 'java.lang.Object java.lang.invoke.DirectMethodHandle$Holder.newInvokeSpecial(java.lang.Object, java.lang.Object, int, java.lang.Object, java.lang.Object)'> (0x0000000704a17768) 
thrown [s\src\hotspot\share\interpreter\linkResolver.cpp, line 759]
Event: 4.563 Thread 0x0000026b8b488ac0 Exception <a 'java/lang/NoSuchMethodError'{0x0000000704a22de0}: 'java.lang.Object java.lang.invoke.DirectMethodHandle$Holder.invokeSpecial(java.lang.Object, java.lang.Object, int, java.lang.Object, int, java.lang.Object)'> (0x0000000704a22de0) 
thrown [s\src\hotspot\share\interpreter\linkResolver.cpp, line 759]
Event: 4.564 Thread 0x0000026b8b488ac0 Exception <a 'java/lang/NoSuchMethodError'{0x0000000704a36ee0}: 'java.lang.Object java.lang.invoke.DirectMethodHandle$Holder.newInvokeSpecial(java.lang.Object, java.lang.Object, int, java.lang.Object, int)'> (0x0000000704a36ee0) 
thrown [s\src\hotspot\share\interpreter\linkResolver.cpp, line 759]
Event: 4.564 Thread 0x0000026b8b488ac0 Exception <a 'java/lang/NoSuchMethodError'{0x0000000704a3afe0}: 'java.lang.Object java.lang.invoke.DirectMethodHandle$Holder.invokeSpecial(java.lang.Object, java.lang.Object, java.lang.Object, int, java.lang.Object, int)'> (0x0000000704a3afe0) 
thrown [s\src\hotspot\share\interpreter\linkResolver.cpp, line 759]
Event: 4.642 Thread 0x0000026b8b488ac0 Exception <a 'java/lang/IncompatibleClassChangeError'{0x0000000707c091f8}: Found class java.lang.Object, but interface was expected> (0x0000000707c091f8) 
thrown [s\src\hotspot\share\interpreter\linkResolver.cpp, line 826]
Event: 4.726 Thread 0x0000026b8b488ac0 Exception <a 'java/lang/NoSuchMethodError'{0x0000000706716ff0}: 'java.lang.Object java.lang.invoke.DirectMethodHandle$Holder.invokeInterface(java.lang.Object, java.lang.Object, java.lang.Object, java.lang.Object)'> (0x0000000706716ff0) 
thrown [s\src\hotspot\share\interpreter\linkResolver.cpp, line 759]
Event: 12.971 Thread 0x0000026b8da8b100 Exception <a 'java/lang/NoSuchMethodError'{0x00000007050b65f8}: 'java.lang.Object java.lang.invoke.DirectMethodHandle$Holder.invokeSpecial(java.lang.Object, java.lang.Object, java.lang.Object, java.lang.Object, java.lang.Object, long)'> (0x00000007050b65f8) 
thrown [s\src\hotspot\share\interpreter\linkResolver.cpp, line 759]
Event: 12.971 Thread 0x0000026b8da8b100 Exception <a 'java/lang/NoSuchMethodError'{0x00000007050ba038}: 'java.lang.Object java.lang.invoke.Invokers$Holder.linkToTargetMethod(java.lang.Object, java.lang.Object, java.lang.Object, long, java.lang.Object)'> (0x00000007050ba038) 
thrown [s\src\hotspot\share\interpreter\linkResolver.cpp, line 759]
Event: 765.394 Thread 0x0000026b8da8e120 Exception <a 'java/lang/InterruptedException'{0x0000000706da3ff8}: sleep interrupted> (0x0000000706da3ff8) 
thrown [s\src\hotspot\share\prims\jvm.cpp, line 3070]
Event: 765.612 Thread 0x0000026b921caf20 Exception <a 'java/lang/NoSuchMethodError'{0x0000000706a72560}: 'int java.lang.invoke.DirectMethodHandle$Holder.invokeStatic(java.lang.Object, int, java.lang.Object)'> (0x0000000706a72560) 
thrown [s\src\hotspot\share\interpreter\linkResolver.cpp, line 759]

VM Operations (20 events):
Event: 206.255 Executing VM operation: Cleanup done
Event: 207.265 Executing VM operation: Cleanup
Event: 207.265 Executing VM operation: Cleanup done
Event: 213.299 Executing VM operation: Cleanup
Event: 213.299 Executing VM operation: Cleanup done
Event: 301.079 Executing VM operation: Cleanup
Event: 301.079 Executing VM operation: Cleanup done
Event: 306.127 Executing VM operation: Cleanup
Event: 306.128 Executing VM operation: Cleanup done
Event: 404.678 Executing VM operation: G1CollectForAllocation
Event: 404.682 Executing VM operation: G1CollectForAllocation done
Event: 404.682 Executing VM operation: Cleanup
Event: 404.683 Executing VM operation: Cleanup done
Event: 518.734 Executing VM operation: Cleanup
Event: 518.734 Executing VM operation: Cleanup done
Event: 533.833 Executing VM operation: Cleanup
Event: 533.834 Executing VM operation: Cleanup done
Event: 765.318 Executing VM operation: RedefineClasses
Event: 765.351 Executing VM operation: RedefineClasses done
Event: 765.613 Executing VM operation: G1CollectFull

Events (20 events):
Event: 765.394 Thread 0x0000026b8da8baa0 Thread exited: 0x0000026b8da8baa0
Event: 765.394 Thread 0x0000026b8da8fe00 Thread exited: 0x0000026b8da8fe00
Event: 765.394 Thread 0x0000026b8da88f50 Thread exited: 0x0000026b8da88f50
Event: 765.394 Thread 0x0000026b8da8b100 Thread exited: 0x0000026b8da8b100
Event: 765.394 Thread 0x0000026b8da8e120 Thread exited: 0x0000026b8da8e120
Event: 765.394 loading class javax/management/ObjectName$PatternProperty
Event: 765.394 loading class javax/management/ObjectName$PatternProperty done
Event: 765.395 Thread 0x0000026b8da898f0 Thread exited: 0x0000026b8da898f0
Event: 765.395 Thread 0x0000026b8da8f460 Thread exited: 0x0000026b8da8f460
Event: 765.399 loading class java/util/AbstractMap$2
Event: 765.399 loading class java/util/AbstractMap$2 done
Event: 765.399 loading class java/util/AbstractMap$2$1
Event: 765.400 loading class java/util/AbstractMap$2$1 done
Event: 765.610 loading class jdk/internal/reflect/UnsafeQualifiedObjectFieldAccessorImpl
Event: 765.610 loading class jdk/internal/reflect/UnsafeQualifiedFieldAccessorImpl
Event: 765.610 loading class jdk/internal/reflect/UnsafeQualifiedFieldAccessorImpl done
Event: 765.610 loading class jdk/internal/reflect/UnsafeQualifiedObjectFieldAccessorImpl done
Event: 765.611 Thread 0x0000026b921cb3f0 Thread added: 0x0000026b921cb3f0
Event: 765.612 Thread 0x0000026b8da8ac30 Thread exited: 0x0000026b8da8ac30
Event: 765.613 Thread 0x0000026b921cb3f0 Thread exited: 0x0000026b921cb3f0


Dynamic libraries:
0x00007ff63c660000 - 0x00007ff63c66e000 	D:\CURSOS\Microservicios\sts\sts-4.15.3.RELEASE\plugins\org.eclipse.justj.openjdk.hotspot.jre.full.win32.x86_64_17.0.4.v20220805-1047\jre\bin\javaw.exe
0x00007ffe879d0000 - 0x00007ffe87bc8000 	C:\WINDOWS\SYSTEM32\ntdll.dll
0x00007ffe86e80000 - 0x00007ffe86f3f000 	C:\WINDOWS\System32\KERNEL32.DLL
0x00007ffe85190000 - 0x00007ffe85462000 	C:\WINDOWS\System32\KERNELBASE.dll
0x00007ffe85580000 - 0x00007ffe85680000 	C:\WINDOWS\System32\ucrtbase.dll
0x00007ffe7e9b0000 - 0x00007ffe7e9c9000 	D:\CURSOS\Microservicios\sts\sts-4.15.3.RELEASE\plugins\org.eclipse.justj.openjdk.hotspot.jre.full.win32.x86_64_17.0.4.v20220805-1047\jre\bin\VCRUNTIME140.dll
0x00007ffe7e990000 - 0x00007ffe7e9a8000 	D:\CURSOS\Microservicios\sts\sts-4.15.3.RELEASE\plugins\org.eclipse.justj.openjdk.hotspot.jre.full.win32.x86_64_17.0.4.v20220805-1047\jre\bin\jli.dll
0x00007ffe867a0000 - 0x00007ffe86941000 	C:\WINDOWS\System32\USER32.dll
0x00007ffe850c0000 - 0x00007ffe850e2000 	C:\WINDOWS\System32\win32u.dll
0x00007ffe6bf20000 - 0x00007ffe6c1ba000 	C:\WINDOWS\WinSxS\amd64_microsoft.windows.common-controls_6595b64144ccf1df_6.0.19041.1110_none_60b5254171f9507e\COMCTL32.dll
0x00007ffe85b50000 - 0x00007ffe85b7b000 	C:\WINDOWS\System32\GDI32.dll
0x00007ffe861a0000 - 0x00007ffe8623e000 	C:\WINDOWS\System32\msvcrt.dll
0x00007ffe85470000 - 0x00007ffe8557f000 	C:\WINDOWS\System32\gdi32full.dll
0x00007ffe85970000 - 0x00007ffe85a0d000 	C:\WINDOWS\System32\msvcp_win.dll
0x00007ffe870e0000 - 0x00007ffe87112000 	C:\WINDOWS\System32\IMM32.DLL
0x00007ffe7e8d0000 - 0x00007ffe7e8dc000 	D:\CURSOS\Microservicios\sts\sts-4.15.3.RELEASE\plugins\org.eclipse.justj.openjdk.hotspot.jre.full.win32.x86_64_17.0.4.v20220805-1047\jre\bin\vcruntime140_1.dll
0x00007ffe73e30000 - 0x00007ffe73ec1000 	D:\CURSOS\Microservicios\sts\sts-4.15.3.RELEASE\plugins\org.eclipse.justj.openjdk.hotspot.jre.full.win32.x86_64_17.0.4.v20220805-1047\jre\bin\msvcp140.dll
0x00007ffe05c50000 - 0x00007ffe06896000 	D:\CURSOS\Microservicios\sts\sts-4.15.3.RELEASE\plugins\org.eclipse.justj.openjdk.hotspot.jre.full.win32.x86_64_17.0.4.v20220805-1047\jre\bin\server\jvm.dll
0x00007ffe86bc0000 - 0x00007ffe86c6e000 	C:\WINDOWS\System32\ADVAPI32.dll
0x00007ffe86950000 - 0x00007ffe869ec000 	C:\WINDOWS\System32\sechost.dll
0x00007ffe85a20000 - 0x00007ffe85b45000 	C:\WINDOWS\System32\RPCRT4.dll
0x00007ffe86f40000 - 0x00007ffe86f48000 	C:\WINDOWS\System32\PSAPI.DLL
0x00007ffe7d240000 - 0x00007ffe7d24a000 	C:\WINDOWS\SYSTEM32\VERSION.dll
0x00007ffe69140000 - 0x00007ffe69149000 	C:\WINDOWS\SYSTEM32\WSOCK32.dll
0x00007ffe766b0000 - 0x00007ffe766d7000 	C:\WINDOWS\SYSTEM32\WINMM.dll
0x00007ffe87120000 - 0x00007ffe8718b000 	C:\WINDOWS\System32\WS2_32.dll
0x00007ffe83940000 - 0x00007ffe83952000 	C:\WINDOWS\SYSTEM32\kernel.appcore.dll
0x00007ffe7e5e0000 - 0x00007ffe7e5ea000 	D:\CURSOS\Microservicios\sts\sts-4.15.3.RELEASE\plugins\org.eclipse.justj.openjdk.hotspot.jre.full.win32.x86_64_17.0.4.v20220805-1047\jre\bin\jimage.dll
0x00007ffe82e90000 - 0x00007ffe83074000 	C:\WINDOWS\SYSTEM32\DBGHELP.DLL
0x00007ffe67800000 - 0x00007ffe67835000 	C:\WINDOWS\SYSTEM32\dbgcore.DLL
0x00007ffe858e0000 - 0x00007ffe85962000 	C:\WINDOWS\System32\bcryptPrimitives.dll
0x00007ffe58420000 - 0x00007ffe5845b000 	D:\CURSOS\Microservicios\sts\sts-4.15.3.RELEASE\plugins\org.eclipse.justj.openjdk.hotspot.jre.full.win32.x86_64_17.0.4.v20220805-1047\jre\bin\jdwp.dll
0x00007ffe7e8b0000 - 0x00007ffe7e8be000 	D:\CURSOS\Microservicios\sts\sts-4.15.3.RELEASE\plugins\org.eclipse.justj.openjdk.hotspot.jre.full.win32.x86_64_17.0.4.v20220805-1047\jre\bin\instrument.dll
0x00007ffe66570000 - 0x00007ffe66595000 	D:\CURSOS\Microservicios\sts\sts-4.15.3.RELEASE\plugins\org.eclipse.justj.openjdk.hotspot.jre.full.win32.x86_64_17.0.4.v20220805-1047\jre\bin\java.dll
0x00007ffe7dd70000 - 0x00007ffe7dd88000 	D:\CURSOS\Microservicios\sts\sts-4.15.3.RELEASE\plugins\org.eclipse.justj.openjdk.hotspot.jre.full.win32.x86_64_17.0.4.v20220805-1047\jre\bin\zip.dll
0x00007ffe87190000 - 0x00007ffe878d4000 	C:\WINDOWS\System32\SHELL32.dll
0x00007ffe83160000 - 0x00007ffe838f2000 	C:\WINDOWS\SYSTEM32\windows.storage.dll
0x00007ffe86310000 - 0x00007ffe86665000 	C:\WINDOWS\System32\combase.dll
0x00007ffe84b20000 - 0x00007ffe84b50000 	C:\WINDOWS\SYSTEM32\Wldp.dll
0x00007ffe878e0000 - 0x00007ffe8798d000 	C:\WINDOWS\System32\SHCORE.dll
0x00007ffe869f0000 - 0x00007ffe86a45000 	C:\WINDOWS\System32\shlwapi.dll
0x00007ffe85000000 - 0x00007ffe8501f000 	C:\WINDOWS\SYSTEM32\profapi.dll
0x00007ffe7dfc0000 - 0x00007ffe7dfcc000 	D:\CURSOS\Microservicios\sts\sts-4.15.3.RELEASE\plugins\org.eclipse.justj.openjdk.hotspot.jre.full.win32.x86_64_17.0.4.v20220805-1047\jre\bin\dt_socket.dll
0x00007ffe84520000 - 0x00007ffe8455b000 	C:\WINDOWS\SYSTEM32\IPHLPAPI.DLL
0x00007ffe84880000 - 0x00007ffe848ea000 	C:\WINDOWS\system32\mswsock.dll
0x00007ffe84560000 - 0x00007ffe8462a000 	C:\WINDOWS\SYSTEM32\DNSAPI.dll
0x00007ffe85a10000 - 0x00007ffe85a18000 	C:\WINDOWS\System32\NSI.dll
0x00007ffe7cd90000 - 0x00007ffe7cd9a000 	C:\Windows\System32\rasadhlp.dll
0x00007ffe77870000 - 0x00007ffe778f0000 	C:\WINDOWS\System32\fwpuclnt.dll
0x00007ffe85160000 - 0x00007ffe85187000 	C:\WINDOWS\System32\bcrypt.dll
0x00007ffe7d960000 - 0x00007ffe7d979000 	D:\CURSOS\Microservicios\sts\sts-4.15.3.RELEASE\plugins\org.eclipse.justj.openjdk.hotspot.jre.full.win32.x86_64_17.0.4.v20220805-1047\jre\bin\net.dll
0x00007ffe7b7c0000 - 0x00007ffe7b8cc000 	C:\WINDOWS\SYSTEM32\WINHTTP.dll
0x00007ffe7c5e0000 - 0x00007ffe7c5f5000 	D:\CURSOS\Microservicios\sts\sts-4.15.3.RELEASE\plugins\org.eclipse.justj.openjdk.hotspot.jre.full.win32.x86_64_17.0.4.v20220805-1047\jre\bin\nio.dll
0x00007ffe82430000 - 0x00007ffe82439000 	D:\CURSOS\Microservicios\sts\sts-4.15.3.RELEASE\plugins\org.eclipse.justj.openjdk.hotspot.jre.full.win32.x86_64_17.0.4.v20220805-1047\jre\bin\management.dll
0x00007ffe82420000 - 0x00007ffe8242b000 	D:\CURSOS\Microservicios\sts\sts-4.15.3.RELEASE\plugins\org.eclipse.justj.openjdk.hotspot.jre.full.win32.x86_64_17.0.4.v20220805-1047\jre\bin\management_ext.dll
0x00007ffe67c40000 - 0x00007ffe67c57000 	C:\WINDOWS\system32\napinsp.dll
0x00007ffe677d0000 - 0x00007ffe677eb000 	C:\WINDOWS\system32\pnrpnsp.dll
0x00007ffe7f070000 - 0x00007ffe7f085000 	C:\WINDOWS\system32\wshbth.dll
0x00007ffe80540000 - 0x00007ffe8055d000 	C:\WINDOWS\system32\NLAapi.dll
0x00007ffe67960000 - 0x00007ffe67972000 	C:\WINDOWS\System32\winrnr.dll
0x00007ffe84a80000 - 0x00007ffe84a98000 	C:\WINDOWS\SYSTEM32\CRYPTSP.dll
0x00007ffe840c0000 - 0x00007ffe840f4000 	C:\WINDOWS\system32\rsaenh.dll
0x00007ffe84f80000 - 0x00007ffe84fae000 	C:\WINDOWS\SYSTEM32\USERENV.dll
0x00007ffe84a70000 - 0x00007ffe84a7c000 	C:\WINDOWS\SYSTEM32\CRYPTBASE.dll
0x00007ffe7d9f0000 - 0x00007ffe7da07000 	C:\WINDOWS\SYSTEM32\dhcpcsvc6.DLL
0x00007ffe7d020000 - 0x00007ffe7d03d000 	C:\WINDOWS\SYSTEM32\dhcpcsvc.DLL
0x00007ffe7e3b0000 - 0x00007ffe7e3c0000 	D:\CURSOS\Microservicios\sts\sts-4.15.3.RELEASE\plugins\org.eclipse.justj.openjdk.hotspot.jre.full.win32.x86_64_17.0.4.v20220805-1047\jre\bin\verify.dll
0x00007ffe7e130000 - 0x00007ffe7e13e000 	D:\CURSOS\Microservicios\sts\sts-4.15.3.RELEASE\plugins\org.eclipse.justj.openjdk.hotspot.jre.full.win32.x86_64_17.0.4.v20220805-1047\jre\bin\sunmscapi.dll
0x00007ffe85780000 - 0x00007ffe858d6000 	C:\WINDOWS\System32\CRYPT32.dll
0x00007ffe84b90000 - 0x00007ffe84bb7000 	C:\WINDOWS\SYSTEM32\ncrypt.dll
0x00007ffe84b50000 - 0x00007ffe84b8b000 	C:\WINDOWS\SYSTEM32\NTASN1.dll
0x00007ffe7dfb0000 - 0x00007ffe7dfb7000 	C:\WINDOWS\system32\wshunix.dll

dbghelp: loaded successfully - version: 4.0.5 - missing functions: none
symbol engine: initialized successfully - sym options: 0x614 - pdb path: .;D:\CURSOS\Microservicios\sts\sts-4.15.3.RELEASE\plugins\org.eclipse.justj.openjdk.hotspot.jre.full.win32.x86_64_17.0.4.v20220805-1047\jre\bin;C:\WINDOWS\SYSTEM32;C:\WINDOWS\WinSxS\amd64_microsoft.windows.common-controls_6595b64144ccf1df_6.0.19041.1110_none_60b5254171f9507e;D:\CURSOS\Microservicios\sts\sts-4.15.3.RELEASE\plugins\org.eclipse.justj.openjdk.hotspot.jre.full.win32.x86_64_17.0.4.v20220805-1047\jre\bin\server

VM Arguments:
jvm_args: -XX:+ShowCodeDetailsInExceptionMessages -agentlib:jdwp=transport=dt_socket,suspend=y,address=localhost:52017 -Dcom.sun.management.jmxremote -Dcom.sun.management.jmxremote.port=52016 -Dcom.sun.management.jmxremote.authenticate=false -Dcom.sun.management.jmxremote.ssl=false -Djava.rmi.server.hostname=localhost -Dspring.jmx.enabled=true -Dspring.application.admin.enabled=true -XX:TieredStopAtLevel=1 -Dspring.boot.project.name=nttdatacenters-spring-t4-JJMA -javaagent:D:\CURSOS\Microservicios\sts\sts-4.15.3.RELEASE\configuration\org.eclipse.osgi\258\0\.cp\lib\javaagent-shaded.jar -Dfile.encoding=UTF-8 
java_command: com.nttdata.NttdatacentersSpringT3JjmaApplication --spring.output.ansi.enabled=always
java_class_path (initial): C:\dev\Workspace\Spring\nttdatacenters-spring-t4-JJMA\target\classes;C:\Users\Tutmo\.m2\repository\org\springframework\boot\spring-boot-starter-thymeleaf\3.0.0\spring-boot-starter-thymeleaf-3.0.0.jar;C:\Users\Tutmo\.m2\repository\org\thymeleaf\thymeleaf-spring6\3.1.0.RELEASE\thymeleaf-spring6-3.1.0.RELEASE.jar;C:\Users\Tutmo\.m2\repository\org\thymeleaf\thymeleaf\3.1.0.RELEASE\thymeleaf-3.1.0.RELEASE.jar;C:\Users\Tutmo\.m2\repository\org\attoparser\attoparser\2.0.6.RELEASE\attoparser-2.0.6.RELEASE.jar;C:\Users\Tutmo\.m2\repository\org\unbescape\unbescape\1.1.6.RELEASE\unbescape-1.1.6.RELEASE.jar;C:\Users\Tutmo\.m2\repository\org\slf4j\slf4j-api\2.0.4\slf4j-api-2.0.4.jar;C:\Users\Tutmo\.m2\repository\org\apache\bval\bval-jsr\2.0.6\bval-jsr-2.0.6.jar;C:\Users\Tutmo\.m2\repository\org\springframework\boot\spring-boot-starter-web\3.0.0\spring-boot-starter-web-3.0.0.jar;C:\Users\Tutmo\.m2\repository\org\springframework\boot\spring-boot-starter-json\3.0.0\spring-boot-starter-json-3.0.0.jar;C:\Users\Tutmo\.m2\repository\com\fasterxml\jackson\core\jackson-databind\2.14.1\jackson-databind-2.14.1.jar;C:\Users\Tutmo\.m2\repository\com\fasterxml\jackson\core\jackson-annotations\2.14.1\jackson-annotations-2.14.1.jar;C:\Users\Tutmo\.m2\repository\com\fasterxml\jackson\core\jackson-core\2.14.1\jackson-core-2.14.1.jar;C:\Users\Tutmo\.m2\repository\com\fasterxml\jackson\datatype\jackson-datatype-jdk8\2.14.1\jackson-datatype-jdk8-2.14.1.jar;C:\Users\Tutmo\.m2\repository\com\fasterxml\jackson\datatype\jackson-datatype-jsr310\2.14.1\jackson-datatype-jsr310-2.14.1.jar;C:\Users\Tutmo\.m2\repository\com\fasterxml\jackson\module\jackson-module-parameter-names\2.14.1\jackson-module-parameter-names-2.14.1.jar;C:\Users\Tutmo\.m2\repository\org\springframework\boot\spring-boot-starter-tomcat\3.0.0\spring-boot-starter-tomcat-3.0.0.jar;C:\Users\Tutmo\.m2\repository\org\apache\tomcat\embed\tomcat-embed-core\10.1.1\tomcat-embed-core-10.1.1.jar;C:\Users\Tutmo\.m2\reposi
Launcher Type: SUN_STANDARD

[Global flags]
     intx CICompilerCount                          = 4                                         {product} {ergonomic}
     uint ConcGCThreads                            = 3                                         {product} {ergonomic}
     uint G1ConcRefinementThreads                  = 10                                        {product} {ergonomic}
   size_t G1HeapRegionSize                         = 2097152                                   {product} {ergonomic}
    uintx GCDrainStackTargetSize                   = 64                                        {product} {ergonomic}
   size_t InitialHeapSize                          = 268435456                                 {product} {ergonomic}
     bool ManagementServer                         = true                                      {product} {command line}
   size_t MarkStackSize                            = 4194304                                   {product} {ergonomic}
   size_t MaxHeapSize                              = 4263510016                                {product} {ergonomic}
   size_t MaxNewSize                               = 2556428288                                {product} {ergonomic}
   size_t MinHeapDeltaBytes                        = 2097152                                   {product} {ergonomic}
   size_t MinHeapSize                              = 8388608                                   {product} {ergonomic}
    uintx NonProfiledCodeHeapSize                  = 0                                      {pd product} {ergonomic}
     bool ProfileInterpreter                       = false                                  {pd product} {command line}
    uintx ProfiledCodeHeapSize                     = 0                                      {pd product} {ergonomic}
     bool ShowCodeDetailsInExceptionMessages       = true                                   {manageable} {command line}
   size_t SoftMaxHeapSize                          = 4263510016                             {manageable} {ergonomic}
     intx TieredStopAtLevel                        = 1                                         {product} {command line}
     bool UseCompressedClassPointers               = true                           {product lp64_product} {ergonomic}
     bool UseCompressedOops                        = true                           {product lp64_product} {ergonomic}
     bool UseG1GC                                  = true                                      {product} {ergonomic}
     bool UseLargePagesIndividualAllocation        = false                                  {pd product} {ergonomic}

Logging:
Log output configuration:
 #0: stdout all=warning uptime,level,tags
 #1: stderr all=off uptime,level,tags

Environment Variables:
JAVA_HOME=C:\dev\Software\JDK\Version\jdk-19.0.1
PATH=D:\CURSOS\Microservicios\sts\sts-4.15.3.RELEASE\plugins\org.eclipse.justj.openjdk.hotspot.jre.full.win32.x86_64_17.0.4.v20220805-1047\jre\bin;D:/CURSOS/Microservicios/sts/sts-4.15.3.RELEASE//plugins/org.eclipse.justj.openjdk.hotspot.jre.full.win32.x86_64_17.0.4.v20220805-1047/jre/bin/server;D:/CURSOS/Microservicios/sts/sts-4.15.3.RELEASE//plugins/org.eclipse.justj.openjdk.hotspot.jre.full.win32.x86_64_17.0.4.v20220805-1047/jre/bin;C:\dev\Software\JDK\Oracle\OracleXE\dbhomeXE\bin;C:\Program Files\Oculus\Support\oculus-runtime;C:\windows\system32;C:\windows;C:\windows\System32\Wbem;C:\windows\System32\WindowsPowerShell\v1.0\;C:\windows\System32\OpenSSH\;C:\Program Files (x86)\NVIDIA Corporation\PhysX\Common;C:\Program Files\NVIDIA Corporation\NVIDIA NvDLISR;C:\Program Files\nodejs\;C:\Program Files\Intel\WiFi\bin\;C:\Program Files\Common Files\Intel\WirelessCommon\;C:\WINDOWS\system32;C:\WINDOWS;C:\WINDOWS\System32\Wbem;C:\WINDOWS\System32\WindowsPowerShell\v1.0\;C:\WINDOWS\System32\OpenSSH\;C:\Program Files (x86)\Brackets\command;C:\Program Files\Java\jdk-14.0.2\bin;C:\Program Files\SourceGear\Common\DiffMerge\;C:\dev\Software\Apache\Apache Maven\apache-maven-3.8.6\bin;C:\dev\Software\JDK\Version\jdk-19.0.1\bin;C:\Program Files\Git\cmd;C:\Program Files\MySQL\MySQL Shell 8.0\bin\;C:\Users\Tutmo\AppData\Local\Microsoft\WindowsApps;C:\Users\Tutmo\AppData\Roaming\npm;C:\Users\Tutmo\AppData\Local\Programs\Microsoft VS Code\bin;C:\Users\Tutmo\AppData\Local\GitHubDesktop\bin;C:\Program Files (x86)\OpenVPN\bin;C:\dev\Software\JDK\Version\jdk-19.0.1\bin;C:\dev\Software\Apache\Apache Maven\apache-maven-3.8.6\bin;;D:\CURSOS\Microservicios\sts\sts-4.15.3.RELEASE;
USERNAME=Tutmo
OS=Windows_NT
PROCESSOR_IDENTIFIER=Intel64 Family 6 Model 158 Stepping 10, GenuineIntel
TMP=C:\Users\Tutmo\AppData\Local\Temp
TEMP=C:\Users\Tutmo\AppData\Local\Temp



---------------  S Y S T E M  ---------------

OS:
 Windows 10 , 64 bit Build 19041 (10.0.19041.2364)
OS uptime: 1 days 0:51 hours

CPU: total 12 (initial active 12) (6 cores per cpu, 2 threads per core) family 6 model 158 stepping 10 microcode 0xca, cx8, cmov, fxsr, ht, mmx, 3dnowpref, sse, sse2, sse3, ssse3, sse4.1, sse4.2, popcnt, lzcnt, tsc, tscinvbit, avx, avx2, aes, erms, clmul, bmi1, bmi2, adx, fma, vzeroupper, clflush, clflushopt

Memory: 4k page, system-wide physical 16260M (5076M free)
TotalPageFile size 18308M (AvailPageFile size 6M)
current process WorkingSet (physical memory assigned to process): 244M, peak: 306M
current process commit charge ("private bytes"): 289M, peak: 370M

vm_info: OpenJDK 64-Bit Server VM (17.0.4+8) for windows-amd64 JRE (17.0.4+8), built on Jul 19 2022 16:05:16 by "temurin" with MS VC++ 16.7 (VS2019)

END.
