#
# There is insufficient memory for the Java Runtime Environment to continue.
# Native memory allocation (mmap) failed to map 268435456 bytes for G1 virtual space
# Possible reasons:
#   The system is out of physical RAM or swap space
#   The process is running with CompressedOops enabled, and the Java Heap may be blocking the growth of the native heap
# Possible solutions:
#   Reduce memory load on the system
#   Increase physical memory or swap space
#   Check if swap backing store is full
#   Decrease Java heap size (-Xmx/-Xms)
#   Decrease number of Java threads
#   Decrease Java thread stack sizes (-Xss)
#   Set larger code cache with -XX:ReservedCodeCacheSize=
#   JVM is running with Zero Based Compressed Oops mode in which the Java heap is
#     placed in the first 32GB address space. The Java Heap base address is the
#     maximum limit for the native heap growth. Please use -XX:HeapBaseMinAddress
#     to set the Java Heap base and to place the Java Heap above 32GB virtual address.
# This output file may be truncated or incomplete.
#
#  Out of Memory Error (os_windows.cpp:3527), pid=19056, tid=14676
#
# JRE version:  (19.0.1+10) (build )
# Java VM: Java HotSpot(TM) 64-Bit Server VM (19.0.1+10-21, mixed mode, sharing, tiered, compressed oops, compressed class ptrs, g1 gc, windows-amd64)
# No core dump will be written. Minidumps are not enabled by default on client versions of Windows
#

---------------  S U M M A R Y ------------

Command Line: -Dfile.encoding=UTF-8 -XX:+ShowCodeDetailsInExceptionMessages com.nttdata.mvn.App

Host: Intel(R) Core(TM) i7-8750H CPU @ 2.20GHz, 12 cores, 15G,  Windows 10 , 64 bit Build 19041 (10.0.19041.2251)
Time: Mon Dec 12 21:37:42 2022 Hora estándar romance elapsed time: 0.007822 seconds (0d 0h 0m 0s)

---------------  T H R E A D  ---------------

Current thread (0x0000016ec514ab40):  JavaThread "Unknown thread" [_thread_in_vm, id=14676, stack(0x000000387b600000,0x000000387b700000)]

Stack: [0x000000387b600000,0x000000387b700000]
Native frames: (J=compiled Java code, j=interpreted, Vv=VM code, C=native code)
V  [jvm.dll+0x6ee8fa]
V  [jvm.dll+0x857a1e]
V  [jvm.dll+0x85940e]
V  [jvm.dll+0x859ac3]
V  [jvm.dll+0x28291f]
V  [jvm.dll+0x6eb6e9]
V  [jvm.dll+0x6e028a]
V  [jvm.dll+0x357136]
V  [jvm.dll+0x35eb96]
V  [jvm.dll+0x3b555e]
V  [jvm.dll+0x3b578f]
V  [jvm.dll+0x32c6ea]
V  [jvm.dll+0x32d59e]
V  [jvm.dll+0x821b20]
V  [jvm.dll+0x3c27c1]
V  [jvm.dll+0x8022f1]
V  [jvm.dll+0x44b30f]
V  [jvm.dll+0x44cc91]
C  [jli.dll+0x5287]
C  [ucrtbase.dll+0x21bb2]
C  [KERNEL32.DLL+0x174b4]
C  [ntdll.dll+0x526a1]


---------------  P R O C E S S  ---------------

Threads class SMR info:
_java_thread_list=0x00007ffae3c0d048, length=0, elements={
}

Java Threads: ( => current thread )

Other Threads:
  0x0000016ec51bad30 WorkerThread "GC Thread#0" [stack: 0x000000387b700000,0x000000387b800000] [id=26432]
  0x0000016ec51cc3e0 ConcurrentGCThread "G1 Main Marker" [stack: 0x000000387b800000,0x000000387b900000] [id=15824]
  0x0000016ec51cce10 WorkerThread "G1 Conc#0" [stack: 0x000000387b900000,0x000000387ba00000] [id=13300]

[error occurred during error reporting (printing all threads), id 0xc0000005, EXCEPTION_ACCESS_VIOLATION (0xc0000005) at pc=0x00007ffae33cd127]

VM state: not at safepoint (not fully initialized)

VM Mutex/Monitor currently owned by a thread:  ([mutex/lock_event])
[0x0000016ec51485b0] Heap_lock - owner thread: 0x0000016ec514ab40

Heap address: 0x0000000701e00000, size: 4066 MB, Compressed Oops mode: Zero based, Oop shift amount: 3

CDS archive(s) mapped at: [0x0000000000000000-0x0000000000000000-0x0000000000000000), size 0, SharedBaseAddress: 0x0000000800000000, ArchiveRelocationMode: 0.
Narrow klass base: 0x0000000000000000, Narrow klass shift: 0, Narrow klass range: 0x0

GC Precious Log:
 CardTable entry size: 512
 Card Set container configuration: InlinePtr #cards 4 size 8 Array Of Cards #cards 16 size 48 Howl #buckets 8 coarsen threshold 3686 Howl Bitmap #cards 512 size 80 coarsen threshold 460 Card regions per heap region 1 cards per card region 4096

Heap:
 garbage-first heap   total 0K, used 0K [0x0000000701e00000, 0x0000000800000000)
  region size 2048K, 0 young (0K), 0 survivors (0K)

[error occurred during error reporting (printing heap information), id 0xc0000005, EXCEPTION_ACCESS_VIOLATION (0xc0000005) at pc=0x00007ffae37d6959]

GC Heap History (0 events):
No events

Dll operation events (1 events):
Event: 0.005 Loaded shared library C:\dev\Software\JDK\Version\jdk-19.0.1\bin\java.dll

Deoptimization events (0 events):
No events

Classes loaded (0 events):
No events

Classes unloaded (0 events):
No events

Classes redefined (0 events):
No events

Internal exceptions (0 events):
No events

VM Operations (0 events):
No events

Events (0 events):
No events


Dynamic libraries:
0x00007ff7dc420000 - 0x00007ff7dc430000 	C:\dev\Software\JDK\Version\jdk-19.0.1\bin\javaw.exe
0x00007ffb725b0000 - 0x00007ffb727a8000 	C:\WINDOWS\SYSTEM32\ntdll.dll
0x00007ffb70d40000 - 0x00007ffb70dff000 	C:\WINDOWS\System32\KERNEL32.DLL
0x00007ffb6fe20000 - 0x00007ffb700f2000 	C:\WINDOWS\System32\KERNELBASE.dll
0x00007ffb6fcb0000 - 0x00007ffb6fdb0000 	C:\WINDOWS\System32\ucrtbase.dll
0x00007ffb4cc30000 - 0x00007ffb4cc48000 	C:\dev\Software\JDK\Version\jdk-19.0.1\bin\jli.dll
0x00007ffb4dc00000 - 0x00007ffb4dc1b000 	C:\dev\Software\JDK\Version\jdk-19.0.1\bin\VCRUNTIME140.dll
0x00007ffb70e00000 - 0x00007ffb70eae000 	C:\WINDOWS\System32\ADVAPI32.dll
0x00007ffb70600000 - 0x00007ffb7069e000 	C:\WINDOWS\System32\msvcrt.dll
0x00007ffb70c20000 - 0x00007ffb70cbc000 	C:\WINDOWS\System32\sechost.dll
0x00007ffb70f40000 - 0x00007ffb71065000 	C:\WINDOWS\System32\RPCRT4.dll
0x00007ffb71200000 - 0x00007ffb7139d000 	C:\WINDOWS\System32\USER32.dll
0x00007ffb701a0000 - 0x00007ffb701c2000 	C:\WINDOWS\System32\win32u.dll
0x00007ffb54cc0000 - 0x00007ffb54f5a000 	C:\WINDOWS\WinSxS\amd64_microsoft.windows.common-controls_6595b64144ccf1df_6.0.19041.1110_none_60b5254171f9507e\COMCTL32.dll
0x00007ffb713a0000 - 0x00007ffb713cb000 	C:\WINDOWS\System32\GDI32.dll
0x00007ffb702e0000 - 0x00007ffb703ef000 	C:\WINDOWS\System32\gdi32full.dll
0x00007ffb70100000 - 0x00007ffb7019d000 	C:\WINDOWS\System32\msvcp_win.dll
0x00007ffb67f30000 - 0x00007ffb67f3a000 	C:\WINDOWS\SYSTEM32\VERSION.dll
0x00007ffb70970000 - 0x00007ffb709a2000 	C:\WINDOWS\System32\IMM32.DLL
0x00007ffb53a90000 - 0x00007ffb53a9c000 	C:\dev\Software\JDK\Version\jdk-19.0.1\bin\vcruntime140_1.dll
0x00007ffb2c550000 - 0x00007ffb2c5de000 	C:\dev\Software\JDK\Version\jdk-19.0.1\bin\msvcp140.dll
0x00007ffae3090000 - 0x00007ffae3d50000 	C:\dev\Software\JDK\Version\jdk-19.0.1\bin\server\jvm.dll
0x00007ffb4d870000 - 0x00007ffb4d879000 	C:\WINDOWS\SYSTEM32\WSOCK32.dll
0x00007ffb61510000 - 0x00007ffb61537000 	C:\WINDOWS\SYSTEM32\WINMM.dll
0x00007ffb713d0000 - 0x00007ffb7143b000 	C:\WINDOWS\System32\WS2_32.dll
0x00007ffb6e500000 - 0x00007ffb6e512000 	C:\WINDOWS\SYSTEM32\kernel.appcore.dll
0x00007ffb50690000 - 0x00007ffb5069a000 	C:\dev\Software\JDK\Version\jdk-19.0.1\bin\jimage.dll
0x00007ffb6da80000 - 0x00007ffb6dc64000 	C:\WINDOWS\SYSTEM32\DBGHELP.DLL
0x00007ffb56d70000 - 0x00007ffb56d9c000 	C:\WINDOWS\SYSTEM32\dbgcore.DLL
0x00007ffb70250000 - 0x00007ffb702d2000 	C:\WINDOWS\System32\bcryptPrimitives.dll
0x00007ffb42820000 - 0x00007ffb42846000 	C:\dev\Software\JDK\Version\jdk-19.0.1\bin\java.dll

dbghelp: loaded successfully - version: 4.0.5 - missing functions: none
symbol engine: initialized successfully - sym options: 0x614 - pdb path: .;C:\dev\Software\JDK\Version\jdk-19.0.1\bin;C:\WINDOWS\SYSTEM32;C:\WINDOWS\WinSxS\amd64_microsoft.windows.common-controls_6595b64144ccf1df_6.0.19041.1110_none_60b5254171f9507e;C:\dev\Software\JDK\Version\jdk-19.0.1\bin\server

VM Arguments:
jvm_args: -Dfile.encoding=UTF-8 -XX:+ShowCodeDetailsInExceptionMessages 
java_command: com.nttdata.mvn.App
java_class_path (initial): C:\dev\Workspace\Backend\nttdatatallermvn-JJMA\target\classes;C:\dev\Software\Apache\Apache Maven\RepositorioLocal\org\apache\commons\commons-lang3\3.12.0\commons-lang3-3.12.0.jar
Launcher Type: SUN_STANDARD

[Global flags]
     intx CICompilerCount                          = 4                                         {product} {ergonomic}
     uint ConcGCThreads                            = 3                                         {product} {ergonomic}
     uint G1ConcRefinementThreads                  = 10                                        {product} {ergonomic}
   size_t G1HeapRegionSize                         = 2097152                                   {product} {ergonomic}
    uintx GCDrainStackTargetSize                   = 64                                        {product} {ergonomic}
   size_t InitialHeapSize                          = 268435456                                 {product} {ergonomic}
   size_t MarkStackSize                            = 4194304                                   {product} {ergonomic}
   size_t MaxHeapSize                              = 4263510016                                {product} {ergonomic}
   size_t MinHeapDeltaBytes                        = 2097152                                   {product} {ergonomic}
   size_t MinHeapSize                              = 8388608                                   {product} {ergonomic}
    uintx NonNMethodCodeHeapSize                   = 5839372                                {pd product} {ergonomic}
    uintx NonProfiledCodeHeapSize                  = 122909434                              {pd product} {ergonomic}
    uintx ProfiledCodeHeapSize                     = 122909434                              {pd product} {ergonomic}
    uintx ReservedCodeCacheSize                    = 251658240                              {pd product} {ergonomic}
     bool SegmentedCodeCache                       = true                                      {product} {ergonomic}
     bool ShowCodeDetailsInExceptionMessages       = true                                   {manageable} {command line}
   size_t SoftMaxHeapSize                          = 4263510016                             {manageable} {ergonomic}
     bool UseCompressedClassPointers               = true                           {product lp64_product} {ergonomic}
     bool UseCompressedOops                        = true                           {product lp64_product} {ergonomic}
     bool UseG1GC                                  = true                                      {product} {ergonomic}
     bool UseLargePagesIndividualAllocation        = false                                  {pd product} {ergonomic}

Logging:
Log output configuration:
 #0: stdout all=warning uptime,level,tags foldmultilines=false
 #1: stderr all=off uptime,level,tags foldmultilines=false

Environment Variables:
JAVA_HOME=C:\dev\Software\JDK\Version\jdk-19.0.1
PATH=C:/dev/Software/IDEs/Eclipse//plugins/org.eclipse.justj.openjdk.hotspot.jre.full.win32.x86_64_17.0.4.v20220903-1038/jre/bin/server;C:/dev/Software/IDEs/Eclipse//plugins/org.eclipse.justj.openjdk.hotspot.jre.full.win32.x86_64_17.0.4.v20220903-1038/jre/bin;C:\dev\Software\JDK\Oracle\OracleXE\dbhomeXE\bin;C:\Program Files\Oculus\Support\oculus-runtime;C:\windows\system32;C:\windows;C:\windows\System32\Wbem;C:\windows\System32\WindowsPowerShell\v1.0\;C:\windows\System32\OpenSSH\;C:\Program Files (x86)\NVIDIA Corporation\PhysX\Common;C:\Program Files\NVIDIA Corporation\NVIDIA NvDLISR;C:\Program Files\nodejs\;C:\Program Files\Intel\WiFi\bin\;C:\Program Files\Common Files\Intel\WirelessCommon\;C:\WINDOWS\system32;C:\WINDOWS;C:\WINDOWS\System32\Wbem;C:\WINDOWS\System32\WindowsPowerShell\v1.0\;C:\WINDOWS\System32\OpenSSH\;C:\Program Files (x86)\Brackets\command;C:\Program Files\Java\jdk-14.0.2\bin;C:\Program Files\SourceGear\Common\DiffMerge\;C:\dev\Software\Apache\Apache Maven\apache-maven-3.8.6\bin;C:\dev\Software\JDK\Version\jdk-19.0.1\bin;C:\Program Files\Git\cmd;C:\Program Files\MySQL\MySQL Shell 8.0\bin\;C:\Users\Tutmo\AppData\Local\Microsoft\WindowsApps;C:\Users\Tutmo\AppData\Roaming\npm;C:\Users\Tutmo\AppData\Local\Programs\Microsoft VS Code\bin;C:\Users\Tutmo\AppData\Local\GitHubDesktop\bin;C:\Program Files (x86)\OpenVPN\bin;C:\dev\Software\JDK\Version\jdk-19.0.1\bin;C:\dev\Software\Apache\Apache Maven\apache-maven-3.8.6\bin;;C:\dev\Software\IDEs\Eclipse;
USERNAME=Tutmo
OS=Windows_NT
PROCESSOR_IDENTIFIER=Intel64 Family 6 Model 158 Stepping 10, GenuineIntel
TMP=C:\Users\Tutmo\AppData\Local\Temp
TEMP=C:\Users\Tutmo\AppData\Local\Temp



---------------  S Y S T E M  ---------------

OS:
 Windows 10 , 64 bit Build 19041 (10.0.19041.2251)
OS uptime: 0 days 7:35 hours

CPU: total 12 (initial active 12) (6 cores per cpu, 2 threads per core) family 6 model 158 stepping 10 microcode 0xca, cx8, cmov, fxsr, ht, mmx, 3dnowpref, sse, sse2, sse3, ssse3, sse4.1, sse4.2, popcnt, lzcnt, tsc, tscinvbit, avx, avx2, aes, erms, clmul, bmi1, bmi2, adx, fma, vzeroupper, clflush, clflushopt, rdtscp

Memory: 4k page, system-wide physical 16260M (7357M free)
TotalPageFile size 18308M (AvailPageFile size 51M)
current process WorkingSet (physical memory assigned to process): 10M, peak: 10M
current process commit charge ("private bytes"): 64M, peak: 320M

vm_info: Java HotSpot(TM) 64-Bit Server VM (19.0.1+10-21) for windows-amd64 JRE (19.0.1+10-21), built on 2022-09-14T12:45:06Z by "mach5one" with MS VC++ 17.1 (VS2022)

END.
