#
# There is insufficient memory for the Java Runtime Environment to continue.
# Native memory allocation (mmap) failed to map 65536 bytes for Failed to commit metaspace.
# Possible reasons:
#   The system is out of physical RAM or swap space
#   The process is running with CompressedOops enabled, and the Java Heap may be blocking the growth of the native heap
# Possible solutions:
#   Reduce memory load on the system
#   Increase physical memory or swap space
#   Check if swap backing store is full
#   Decrease Java heap size (-Xmx/-Xms)
#   Decrease number of Java threads
#   Decrease Java thread stack sizes (-Xss)
#   Set larger code cache with -XX:ReservedCodeCacheSize=
#   JVM is running with Zero Based Compressed Oops mode in which the Java heap is
#     placed in the first 32GB address space. The Java Heap base address is the
#     maximum limit for the native heap growth. Please use -XX:HeapBaseMinAddress
#     to set the Java Heap base and to place the Java Heap above 32GB virtual address.
# This output file may be truncated or incomplete.
#
#  Out of Memory Error (virtualSpaceNode.cpp:110), pid=13452, tid=12660
#
# JRE version: OpenJDK Runtime Environment Temurin-17.0.4+8 (17.0.4+8) (build 17.0.4+8)
# Java VM: OpenJDK 64-Bit Server VM Temurin-17.0.4+8 (17.0.4+8, mixed mode, emulated-client, tiered, compressed oops, compressed class ptrs, g1 gc, windows-amd64)
# No core dump will be written. Minidumps are not enabled by default on client versions of Windows
#

---------------  S U M M A R Y ------------

Command Line: -Dcom.sun.management.jmxremote -Dcom.sun.management.jmxremote.port=57923 -Dcom.sun.management.jmxremote.authenticate=false -Dcom.sun.management.jmxremote.ssl=false -Djava.rmi.server.hostname=localhost -Dspring.jmx.enabled=true -Dspring.application.admin.enabled=true -XX:TieredStopAtLevel=1 -Dspring.boot.project.name=nttdatacenters-tallerspring1REST -Dfile.encoding=UTF-8 -XX:+ShowCodeDetailsInExceptionMessages com.nttdata.Tallerspring1RestApplication --spring.output.ansi.enabled=always

Host: Intel(R) Core(TM) i7-8750H CPU @ 2.20GHz, 12 cores, 15G,  Windows 10 , 64 bit Build 19041 (10.0.19041.2364)
Time: Mon Dec 19 23:30:13 2022 Hora estándar romance elapsed time: 0.342374 seconds (0d 0h 0m 0s)

---------------  T H R E A D  ---------------

Current thread (0x00000200d5d3f8e0):  JavaThread "main" [_thread_in_vm, id=12660, stack(0x0000008e3cf00000,0x0000008e3d000000)]

Stack: [0x0000008e3cf00000,0x0000008e3d000000]
Native frames: (J=compiled Java code, j=interpreted, Vv=VM code, C=native code)
V  [jvm.dll+0x67733a]
V  [jvm.dll+0x8323c4]
V  [jvm.dll+0x833b6e]
V  [jvm.dll+0x8341d3]
V  [jvm.dll+0x2455e5]
V  [jvm.dll+0x82e36b]
V  [jvm.dll+0x61be16]
V  [jvm.dll+0x1c060e]
V  [jvm.dll+0x61e761]
V  [jvm.dll+0x61c7b6]
V  [jvm.dll+0x239c7f]
V  [jvm.dll+0x6265c5]
V  [jvm.dll+0x1ea42b]
V  [jvm.dll+0x1ea965]
V  [jvm.dll+0x1eb39f]
V  [jvm.dll+0x1e0841]
V  [jvm.dll+0x53c8f0]
V  [jvm.dll+0x1f1037]
V  [jvm.dll+0x7ac5bb]
V  [jvm.dll+0x7ad962]
V  [jvm.dll+0x7adc98]
V  [jvm.dll+0x23d9ee]
V  [jvm.dll+0x37f27e]
C  0x00000200dabf9ad7

Java frames: (J=compiled Java code, j=interpreted, Vv=VM code)
j  java.rmi.server.UID.<init>()V+16 java.rmi@17.0.4
j  java.rmi.server.ObjID.<clinit>()V+14 java.rmi@17.0.4
v  ~StubRoutines::call_stub
j  sun.rmi.transport.LiveRef.<init>(I)V+1 java.rmi@17.0.4
j  sun.management.jmxremote.ConnectorBootstrap$PermanentExporter.exportObject(Ljava/rmi/Remote;ILjava/rmi/server/RMIClientSocketFactory;Ljava/rmi/server/RMIServerSocketFactory;Ljava/io/ObjectInputFilter;)Ljava/rmi/Remote;+49 jdk.management.agent@17.0.4
j  javax.management.remote.rmi.RMIJRMPServerImpl.export(Ljava/rmi/Remote;Ljava/io/ObjectInputFilter;)V+62 java.management.rmi@17.0.4
j  javax.management.remote.rmi.RMIJRMPServerImpl.export()V+6 java.management.rmi@17.0.4
j  javax.management.remote.rmi.RMIConnectorServer.start()V+257 java.management.rmi@17.0.4
j  sun.management.jmxremote.ConnectorBootstrap.exportMBeanServer(Ljavax/management/MBeanServer;IIZZLjava/lang/String;[Ljava/lang/String;[Ljava/lang/String;ZZLjava/lang/String;Ljava/lang/String;ZLjava/lang/String;Ljava/lang/String;Ljava/lang/String;)Lsun/management/jmxremote/ConnectorBootstrap$JMXConnectorServerData;+348 jdk.management.agent@17.0.4
j  sun.management.jmxremote.ConnectorBootstrap.startRemoteConnectorServer(Ljava/lang/String;Ljava/util/Properties;)Ljavax/management/remote/JMXConnectorServer;+620 jdk.management.agent@17.0.4
j  jdk.internal.agent.Agent.startAgent(Ljava/util/Properties;)V+48 jdk.management.agent@17.0.4
j  jdk.internal.agent.Agent.startAgent()V+20 jdk.management.agent@17.0.4
v  ~StubRoutines::call_stub

---------------  P R O C E S S  ---------------

Threads class SMR info:
_java_thread_list=0x00000200eb683200, length=13, elements={
0x00000200d5d3f8e0, 0x00000200eb444ae0, 0x00000200eb447870, 0x00000200eb498520,
0x00000200eb4990a0, 0x00000200eb4a90d0, 0x00000200eb4aab00, 0x00000200eb4b55d0,
0x00000200eb4be700, 0x00000200eb5ffe90, 0x00000200eb6394d0, 0x00000200eb63b840,
0x00000200eb6a21f0
}

Java Threads: ( => current thread )
=>0x00000200d5d3f8e0 JavaThread "main" [_thread_in_vm, id=12660, stack(0x0000008e3cf00000,0x0000008e3d000000)]
  0x00000200eb444ae0 JavaThread "Reference Handler" daemon [_thread_blocked, id=15484, stack(0x0000008e3d600000,0x0000008e3d700000)]
  0x00000200eb447870 JavaThread "Finalizer" daemon [_thread_blocked, id=17728, stack(0x0000008e3d700000,0x0000008e3d800000)]
  0x00000200eb498520 JavaThread "Signal Dispatcher" daemon [_thread_blocked, id=4264, stack(0x0000008e3d800000,0x0000008e3d900000)]
  0x00000200eb4990a0 JavaThread "Attach Listener" daemon [_thread_blocked, id=16028, stack(0x0000008e3d900000,0x0000008e3da00000)]
  0x00000200eb4a90d0 JavaThread "Service Thread" daemon [_thread_blocked, id=21304, stack(0x0000008e3da00000,0x0000008e3db00000)]
  0x00000200eb4aab00 JavaThread "Monitor Deflation Thread" daemon [_thread_blocked, id=1100, stack(0x0000008e3db00000,0x0000008e3dc00000)]
  0x00000200eb4b55d0 JavaThread "C1 CompilerThread0" daemon [_thread_blocked, id=21228, stack(0x0000008e3dc00000,0x0000008e3dd00000)]
  0x00000200eb4be700 JavaThread "Sweeper thread" daemon [_thread_blocked, id=29404, stack(0x0000008e3dd00000,0x0000008e3de00000)]
  0x00000200eb5ffe90 JavaThread "Common-Cleaner" daemon [_thread_blocked, id=32608, stack(0x0000008e3de00000,0x0000008e3df00000)]
  0x00000200eb6394d0 JavaThread "C1 CompilerThread1" daemon [_thread_blocked, id=27684, stack(0x0000008e3df00000,0x0000008e3e000000)]
  0x00000200eb63b840 JavaThread "C1 CompilerThread2" daemon [_thread_blocked, id=29628, stack(0x0000008e3e000000,0x0000008e3e100000)]
  0x00000200eb6a21f0 JavaThread "Notification Thread" daemon [_thread_blocked, id=15036, stack(0x0000008e3e100000,0x0000008e3e200000)]

Other Threads:
  0x00000200eb440fd0 VMThread "VM Thread" [stack: 0x0000008e3d500000,0x0000008e3d600000] [id=25848]
  0x00000200d5dacbb0 GCTaskThread "GC Thread#0" [stack: 0x0000008e3d000000,0x0000008e3d100000] [id=25028]
  0x00000200d5dbdfb0 ConcurrentGCThread "G1 Main Marker" [stack: 0x0000008e3d100000,0x0000008e3d200000] [id=31132]
  0x00000200d5dbe8d0 ConcurrentGCThread "G1 Conc#0" [stack: 0x0000008e3d200000,0x0000008e3d300000] [id=20256]
  0x00000200d5dfdc00 ConcurrentGCThread "G1 Refine#0" [stack: 0x0000008e3d300000,0x0000008e3d400000] [id=29880]
  0x00000200ea395ac0 ConcurrentGCThread "G1 Service" [stack: 0x0000008e3d400000,0x0000008e3d500000] [id=31356]

Threads with active compile tasks:

VM state: not at safepoint (normal execution)

VM Mutex/Monitor currently owned by a thread:  ([mutex/lock_event])
[0x00000200d5d3a320] Metaspace_lock - owner thread: 0x00000200d5d3f8e0

Heap address: 0x0000000701e00000, size: 4066 MB, Compressed Oops mode: Zero based, Oop shift amount: 3

CDS archive(s) not mapped
Compressed class space mapped at: 0x0000000800000000-0x0000000840000000, reserved size: 1073741824
Narrow klass base: 0x0000000800000000, Narrow klass shift: 0, Narrow klass range: 0x40000000

GC Precious Log:
 CPUs: 12 total, 12 available
 Memory: 16260M
 Large Page Support: Disabled
 NUMA Support: Disabled
 Compressed Oops: Enabled (Zero based)
 Heap Region Size: 2M
 Heap Min Capacity: 8M
 Heap Initial Capacity: 256M
 Heap Max Capacity: 4066M
 Pre-touch: Disabled
 Parallel Workers: 10
 Concurrent Workers: 3
 Concurrent Refinement Workers: 10
 Periodic GC: Disabled

Heap:
 garbage-first heap   total 262144K, used 10240K [0x0000000701e00000, 0x0000000800000000)
  region size 2048K, 6 young (12288K), 0 survivors (0K)
 Metaspace       used 10198K, committed 10304K, reserved 1064960K
  class space    used 994K, committed 1024K, reserved 1048576K

Heap Regions: E=young(eden), S=young(survivor), O=old, HS=humongous(starts), HC=humongous(continues), CS=collection set, F=free, OA=open archive, CA=closed archive, TAMS=top-at-mark-start (previous, next)
|   0|0x0000000701e00000, 0x0000000701e00000, 0x0000000702000000|  0%| F|  |TAMS 0x0000000701e00000, 0x0000000701e00000| Untracked 
|   1|0x0000000702000000, 0x0000000702000000, 0x0000000702200000|  0%| F|  |TAMS 0x0000000702000000, 0x0000000702000000| Untracked 
|   2|0x0000000702200000, 0x0000000702200000, 0x0000000702400000|  0%| F|  |TAMS 0x0000000702200000, 0x0000000702200000| Untracked 
|   3|0x0000000702400000, 0x0000000702400000, 0x0000000702600000|  0%| F|  |TAMS 0x0000000702400000, 0x0000000702400000| Untracked 
|   4|0x0000000702600000, 0x0000000702600000, 0x0000000702800000|  0%| F|  |TAMS 0x0000000702600000, 0x0000000702600000| Untracked 
|   5|0x0000000702800000, 0x0000000702800000, 0x0000000702a00000|  0%| F|  |TAMS 0x0000000702800000, 0x0000000702800000| Untracked 
|   6|0x0000000702a00000, 0x0000000702a00000, 0x0000000702c00000|  0%| F|  |TAMS 0x0000000702a00000, 0x0000000702a00000| Untracked 
|   7|0x0000000702c00000, 0x0000000702c00000, 0x0000000702e00000|  0%| F|  |TAMS 0x0000000702c00000, 0x0000000702c00000| Untracked 
|   8|0x0000000702e00000, 0x0000000702e00000, 0x0000000703000000|  0%| F|  |TAMS 0x0000000702e00000, 0x0000000702e00000| Untracked 
|   9|0x0000000703000000, 0x0000000703000000, 0x0000000703200000|  0%| F|  |TAMS 0x0000000703000000, 0x0000000703000000| Untracked 
|  10|0x0000000703200000, 0x0000000703200000, 0x0000000703400000|  0%| F|  |TAMS 0x0000000703200000, 0x0000000703200000| Untracked 
|  11|0x0000000703400000, 0x0000000703400000, 0x0000000703600000|  0%| F|  |TAMS 0x0000000703400000, 0x0000000703400000| Untracked 
|  12|0x0000000703600000, 0x0000000703600000, 0x0000000703800000|  0%| F|  |TAMS 0x0000000703600000, 0x0000000703600000| Untracked 
|  13|0x0000000703800000, 0x0000000703800000, 0x0000000703a00000|  0%| F|  |TAMS 0x0000000703800000, 0x0000000703800000| Untracked 
|  14|0x0000000703a00000, 0x0000000703a00000, 0x0000000703c00000|  0%| F|  |TAMS 0x0000000703a00000, 0x0000000703a00000| Untracked 
|  15|0x0000000703c00000, 0x0000000703c00000, 0x0000000703e00000|  0%| F|  |TAMS 0x0000000703c00000, 0x0000000703c00000| Untracked 
|  16|0x0000000703e00000, 0x0000000703e00000, 0x0000000704000000|  0%| F|  |TAMS 0x0000000703e00000, 0x0000000703e00000| Untracked 
|  17|0x0000000704000000, 0x0000000704000000, 0x0000000704200000|  0%| F|  |TAMS 0x0000000704000000, 0x0000000704000000| Untracked 
|  18|0x0000000704200000, 0x0000000704200000, 0x0000000704400000|  0%| F|  |TAMS 0x0000000704200000, 0x0000000704200000| Untracked 
|  19|0x0000000704400000, 0x0000000704400000, 0x0000000704600000|  0%| F|  |TAMS 0x0000000704400000, 0x0000000704400000| Untracked 
|  20|0x0000000704600000, 0x0000000704600000, 0x0000000704800000|  0%| F|  |TAMS 0x0000000704600000, 0x0000000704600000| Untracked 
|  21|0x0000000704800000, 0x0000000704800000, 0x0000000704a00000|  0%| F|  |TAMS 0x0000000704800000, 0x0000000704800000| Untracked 
|  22|0x0000000704a00000, 0x0000000704a00000, 0x0000000704c00000|  0%| F|  |TAMS 0x0000000704a00000, 0x0000000704a00000| Untracked 
|  23|0x0000000704c00000, 0x0000000704c00000, 0x0000000704e00000|  0%| F|  |TAMS 0x0000000704c00000, 0x0000000704c00000| Untracked 
|  24|0x0000000704e00000, 0x0000000704e00000, 0x0000000705000000|  0%| F|  |TAMS 0x0000000704e00000, 0x0000000704e00000| Untracked 
|  25|0x0000000705000000, 0x0000000705000000, 0x0000000705200000|  0%| F|  |TAMS 0x0000000705000000, 0x0000000705000000| Untracked 
|  26|0x0000000705200000, 0x0000000705200000, 0x0000000705400000|  0%| F|  |TAMS 0x0000000705200000, 0x0000000705200000| Untracked 
|  27|0x0000000705400000, 0x0000000705400000, 0x0000000705600000|  0%| F|  |TAMS 0x0000000705400000, 0x0000000705400000| Untracked 
|  28|0x0000000705600000, 0x0000000705600000, 0x0000000705800000|  0%| F|  |TAMS 0x0000000705600000, 0x0000000705600000| Untracked 
|  29|0x0000000705800000, 0x0000000705800000, 0x0000000705a00000|  0%| F|  |TAMS 0x0000000705800000, 0x0000000705800000| Untracked 
|  30|0x0000000705a00000, 0x0000000705a00000, 0x0000000705c00000|  0%| F|  |TAMS 0x0000000705a00000, 0x0000000705a00000| Untracked 
|  31|0x0000000705c00000, 0x0000000705c00000, 0x0000000705e00000|  0%| F|  |TAMS 0x0000000705c00000, 0x0000000705c00000| Untracked 
|  32|0x0000000705e00000, 0x0000000705e00000, 0x0000000706000000|  0%| F|  |TAMS 0x0000000705e00000, 0x0000000705e00000| Untracked 
|  33|0x0000000706000000, 0x0000000706000000, 0x0000000706200000|  0%| F|  |TAMS 0x0000000706000000, 0x0000000706000000| Untracked 
|  34|0x0000000706200000, 0x0000000706200000, 0x0000000706400000|  0%| F|  |TAMS 0x0000000706200000, 0x0000000706200000| Untracked 
|  35|0x0000000706400000, 0x0000000706400000, 0x0000000706600000|  0%| F|  |TAMS 0x0000000706400000, 0x0000000706400000| Untracked 
|  36|0x0000000706600000, 0x0000000706600000, 0x0000000706800000|  0%| F|  |TAMS 0x0000000706600000, 0x0000000706600000| Untracked 
|  37|0x0000000706800000, 0x0000000706800000, 0x0000000706a00000|  0%| F|  |TAMS 0x0000000706800000, 0x0000000706800000| Untracked 
|  38|0x0000000706a00000, 0x0000000706a00000, 0x0000000706c00000|  0%| F|  |TAMS 0x0000000706a00000, 0x0000000706a00000| Untracked 
|  39|0x0000000706c00000, 0x0000000706c00000, 0x0000000706e00000|  0%| F|  |TAMS 0x0000000706c00000, 0x0000000706c00000| Untracked 
|  40|0x0000000706e00000, 0x0000000706e00000, 0x0000000707000000|  0%| F|  |TAMS 0x0000000706e00000, 0x0000000706e00000| Untracked 
|  41|0x0000000707000000, 0x0000000707000000, 0x0000000707200000|  0%| F|  |TAMS 0x0000000707000000, 0x0000000707000000| Untracked 
|  42|0x0000000707200000, 0x0000000707200000, 0x0000000707400000|  0%| F|  |TAMS 0x0000000707200000, 0x0000000707200000| Untracked 
|  43|0x0000000707400000, 0x0000000707400000, 0x0000000707600000|  0%| F|  |TAMS 0x0000000707400000, 0x0000000707400000| Untracked 
|  44|0x0000000707600000, 0x0000000707600000, 0x0000000707800000|  0%| F|  |TAMS 0x0000000707600000, 0x0000000707600000| Untracked 
|  45|0x0000000707800000, 0x0000000707800000, 0x0000000707a00000|  0%| F|  |TAMS 0x0000000707800000, 0x0000000707800000| Untracked 
|  46|0x0000000707a00000, 0x0000000707a00000, 0x0000000707c00000|  0%| F|  |TAMS 0x0000000707a00000, 0x0000000707a00000| Untracked 
|  47|0x0000000707c00000, 0x0000000707c00000, 0x0000000707e00000|  0%| F|  |TAMS 0x0000000707c00000, 0x0000000707c00000| Untracked 
|  48|0x0000000707e00000, 0x0000000707e00000, 0x0000000708000000|  0%| F|  |TAMS 0x0000000707e00000, 0x0000000707e00000| Untracked 
|  49|0x0000000708000000, 0x0000000708000000, 0x0000000708200000|  0%| F|  |TAMS 0x0000000708000000, 0x0000000708000000| Untracked 
|  50|0x0000000708200000, 0x0000000708200000, 0x0000000708400000|  0%| F|  |TAMS 0x0000000708200000, 0x0000000708200000| Untracked 
|  51|0x0000000708400000, 0x0000000708400000, 0x0000000708600000|  0%| F|  |TAMS 0x0000000708400000, 0x0000000708400000| Untracked 
|  52|0x0000000708600000, 0x0000000708600000, 0x0000000708800000|  0%| F|  |TAMS 0x0000000708600000, 0x0000000708600000| Untracked 
|  53|0x0000000708800000, 0x0000000708800000, 0x0000000708a00000|  0%| F|  |TAMS 0x0000000708800000, 0x0000000708800000| Untracked 
|  54|0x0000000708a00000, 0x0000000708a00000, 0x0000000708c00000|  0%| F|  |TAMS 0x0000000708a00000, 0x0000000708a00000| Untracked 
|  55|0x0000000708c00000, 0x0000000708c00000, 0x0000000708e00000|  0%| F|  |TAMS 0x0000000708c00000, 0x0000000708c00000| Untracked 
|  56|0x0000000708e00000, 0x0000000708e00000, 0x0000000709000000|  0%| F|  |TAMS 0x0000000708e00000, 0x0000000708e00000| Untracked 
|  57|0x0000000709000000, 0x0000000709000000, 0x0000000709200000|  0%| F|  |TAMS 0x0000000709000000, 0x0000000709000000| Untracked 
|  58|0x0000000709200000, 0x0000000709200000, 0x0000000709400000|  0%| F|  |TAMS 0x0000000709200000, 0x0000000709200000| Untracked 
|  59|0x0000000709400000, 0x0000000709400000, 0x0000000709600000|  0%| F|  |TAMS 0x0000000709400000, 0x0000000709400000| Untracked 
|  60|0x0000000709600000, 0x0000000709600000, 0x0000000709800000|  0%| F|  |TAMS 0x0000000709600000, 0x0000000709600000| Untracked 
|  61|0x0000000709800000, 0x0000000709800000, 0x0000000709a00000|  0%| F|  |TAMS 0x0000000709800000, 0x0000000709800000| Untracked 
|  62|0x0000000709a00000, 0x0000000709a00000, 0x0000000709c00000|  0%| F|  |TAMS 0x0000000709a00000, 0x0000000709a00000| Untracked 
|  63|0x0000000709c00000, 0x0000000709c00000, 0x0000000709e00000|  0%| F|  |TAMS 0x0000000709c00000, 0x0000000709c00000| Untracked 
|  64|0x0000000709e00000, 0x0000000709e00000, 0x000000070a000000|  0%| F|  |TAMS 0x0000000709e00000, 0x0000000709e00000| Untracked 
|  65|0x000000070a000000, 0x000000070a000000, 0x000000070a200000|  0%| F|  |TAMS 0x000000070a000000, 0x000000070a000000| Untracked 
|  66|0x000000070a200000, 0x000000070a200000, 0x000000070a400000|  0%| F|  |TAMS 0x000000070a200000, 0x000000070a200000| Untracked 
|  67|0x000000070a400000, 0x000000070a400000, 0x000000070a600000|  0%| F|  |TAMS 0x000000070a400000, 0x000000070a400000| Untracked 
|  68|0x000000070a600000, 0x000000070a600000, 0x000000070a800000|  0%| F|  |TAMS 0x000000070a600000, 0x000000070a600000| Untracked 
|  69|0x000000070a800000, 0x000000070a800000, 0x000000070aa00000|  0%| F|  |TAMS 0x000000070a800000, 0x000000070a800000| Untracked 
|  70|0x000000070aa00000, 0x000000070aa00000, 0x000000070ac00000|  0%| F|  |TAMS 0x000000070aa00000, 0x000000070aa00000| Untracked 
|  71|0x000000070ac00000, 0x000000070ac00000, 0x000000070ae00000|  0%| F|  |TAMS 0x000000070ac00000, 0x000000070ac00000| Untracked 
|  72|0x000000070ae00000, 0x000000070ae00000, 0x000000070b000000|  0%| F|  |TAMS 0x000000070ae00000, 0x000000070ae00000| Untracked 
|  73|0x000000070b000000, 0x000000070b000000, 0x000000070b200000|  0%| F|  |TAMS 0x000000070b000000, 0x000000070b000000| Untracked 
|  74|0x000000070b200000, 0x000000070b200000, 0x000000070b400000|  0%| F|  |TAMS 0x000000070b200000, 0x000000070b200000| Untracked 
|  75|0x000000070b400000, 0x000000070b400000, 0x000000070b600000|  0%| F|  |TAMS 0x000000070b400000, 0x000000070b400000| Untracked 
|  76|0x000000070b600000, 0x000000070b600000, 0x000000070b800000|  0%| F|  |TAMS 0x000000070b600000, 0x000000070b600000| Untracked 
|  77|0x000000070b800000, 0x000000070b800000, 0x000000070ba00000|  0%| F|  |TAMS 0x000000070b800000, 0x000000070b800000| Untracked 
|  78|0x000000070ba00000, 0x000000070ba00000, 0x000000070bc00000|  0%| F|  |TAMS 0x000000070ba00000, 0x000000070ba00000| Untracked 
|  79|0x000000070bc00000, 0x000000070bc00000, 0x000000070be00000|  0%| F|  |TAMS 0x000000070bc00000, 0x000000070bc00000| Untracked 
|  80|0x000000070be00000, 0x000000070be00000, 0x000000070c000000|  0%| F|  |TAMS 0x000000070be00000, 0x000000070be00000| Untracked 
|  81|0x000000070c000000, 0x000000070c000000, 0x000000070c200000|  0%| F|  |TAMS 0x000000070c000000, 0x000000070c000000| Untracked 
|  82|0x000000070c200000, 0x000000070c200000, 0x000000070c400000|  0%| F|  |TAMS 0x000000070c200000, 0x000000070c200000| Untracked 
|  83|0x000000070c400000, 0x000000070c400000, 0x000000070c600000|  0%| F|  |TAMS 0x000000070c400000, 0x000000070c400000| Untracked 
|  84|0x000000070c600000, 0x000000070c600000, 0x000000070c800000|  0%| F|  |TAMS 0x000000070c600000, 0x000000070c600000| Untracked 
|  85|0x000000070c800000, 0x000000070c800000, 0x000000070ca00000|  0%| F|  |TAMS 0x000000070c800000, 0x000000070c800000| Untracked 
|  86|0x000000070ca00000, 0x000000070ca00000, 0x000000070cc00000|  0%| F|  |TAMS 0x000000070ca00000, 0x000000070ca00000| Untracked 
|  87|0x000000070cc00000, 0x000000070cc00000, 0x000000070ce00000|  0%| F|  |TAMS 0x000000070cc00000, 0x000000070cc00000| Untracked 
|  88|0x000000070ce00000, 0x000000070ce00000, 0x000000070d000000|  0%| F|  |TAMS 0x000000070ce00000, 0x000000070ce00000| Untracked 
|  89|0x000000070d000000, 0x000000070d000000, 0x000000070d200000|  0%| F|  |TAMS 0x000000070d000000, 0x000000070d000000| Untracked 
|  90|0x000000070d200000, 0x000000070d200000, 0x000000070d400000|  0%| F|  |TAMS 0x000000070d200000, 0x000000070d200000| Untracked 
|  91|0x000000070d400000, 0x000000070d400000, 0x000000070d600000|  0%| F|  |TAMS 0x000000070d400000, 0x000000070d400000| Untracked 
|  92|0x000000070d600000, 0x000000070d600000, 0x000000070d800000|  0%| F|  |TAMS 0x000000070d600000, 0x000000070d600000| Untracked 
|  93|0x000000070d800000, 0x000000070d800000, 0x000000070da00000|  0%| F|  |TAMS 0x000000070d800000, 0x000000070d800000| Untracked 
|  94|0x000000070da00000, 0x000000070da00000, 0x000000070dc00000|  0%| F|  |TAMS 0x000000070da00000, 0x000000070da00000| Untracked 
|  95|0x000000070dc00000, 0x000000070dc00000, 0x000000070de00000|  0%| F|  |TAMS 0x000000070dc00000, 0x000000070dc00000| Untracked 
|  96|0x000000070de00000, 0x000000070de00000, 0x000000070e000000|  0%| F|  |TAMS 0x000000070de00000, 0x000000070de00000| Untracked 
|  97|0x000000070e000000, 0x000000070e000000, 0x000000070e200000|  0%| F|  |TAMS 0x000000070e000000, 0x000000070e000000| Untracked 
|  98|0x000000070e200000, 0x000000070e200000, 0x000000070e400000|  0%| F|  |TAMS 0x000000070e200000, 0x000000070e200000| Untracked 
|  99|0x000000070e400000, 0x000000070e400000, 0x000000070e600000|  0%| F|  |TAMS 0x000000070e400000, 0x000000070e400000| Untracked 
| 100|0x000000070e600000, 0x000000070e600000, 0x000000070e800000|  0%| F|  |TAMS 0x000000070e600000, 0x000000070e600000| Untracked 
| 101|0x000000070e800000, 0x000000070e800000, 0x000000070ea00000|  0%| F|  |TAMS 0x000000070e800000, 0x000000070e800000| Untracked 
| 102|0x000000070ea00000, 0x000000070ea00000, 0x000000070ec00000|  0%| F|  |TAMS 0x000000070ea00000, 0x000000070ea00000| Untracked 
| 103|0x000000070ec00000, 0x000000070ec00000, 0x000000070ee00000|  0%| F|  |TAMS 0x000000070ec00000, 0x000000070ec00000| Untracked 
| 104|0x000000070ee00000, 0x000000070ee00000, 0x000000070f000000|  0%| F|  |TAMS 0x000000070ee00000, 0x000000070ee00000| Untracked 
| 105|0x000000070f000000, 0x000000070f000000, 0x000000070f200000|  0%| F|  |TAMS 0x000000070f000000, 0x000000070f000000| Untracked 
| 106|0x000000070f200000, 0x000000070f200000, 0x000000070f400000|  0%| F|  |TAMS 0x000000070f200000, 0x000000070f200000| Untracked 
| 107|0x000000070f400000, 0x000000070f400000, 0x000000070f600000|  0%| F|  |TAMS 0x000000070f400000, 0x000000070f400000| Untracked 
| 108|0x000000070f600000, 0x000000070f600000, 0x000000070f800000|  0%| F|  |TAMS 0x000000070f600000, 0x000000070f600000| Untracked 
| 109|0x000000070f800000, 0x000000070f800000, 0x000000070fa00000|  0%| F|  |TAMS 0x000000070f800000, 0x000000070f800000| Untracked 
| 110|0x000000070fa00000, 0x000000070fa00000, 0x000000070fc00000|  0%| F|  |TAMS 0x000000070fa00000, 0x000000070fa00000| Untracked 
| 111|0x000000070fc00000, 0x000000070fc00000, 0x000000070fe00000|  0%| F|  |TAMS 0x000000070fc00000, 0x000000070fc00000| Untracked 
| 112|0x000000070fe00000, 0x000000070fe00000, 0x0000000710000000|  0%| F|  |TAMS 0x000000070fe00000, 0x000000070fe00000| Untracked 
| 113|0x0000000710000000, 0x0000000710000000, 0x0000000710200000|  0%| F|  |TAMS 0x0000000710000000, 0x0000000710000000| Untracked 
| 114|0x0000000710200000, 0x0000000710200000, 0x0000000710400000|  0%| F|  |TAMS 0x0000000710200000, 0x0000000710200000| Untracked 
| 115|0x0000000710400000, 0x0000000710400000, 0x0000000710600000|  0%| F|  |TAMS 0x0000000710400000, 0x0000000710400000| Untracked 
| 116|0x0000000710600000, 0x0000000710600000, 0x0000000710800000|  0%| F|  |TAMS 0x0000000710600000, 0x0000000710600000| Untracked 
| 117|0x0000000710800000, 0x0000000710800000, 0x0000000710a00000|  0%| F|  |TAMS 0x0000000710800000, 0x0000000710800000| Untracked 
| 118|0x0000000710a00000, 0x0000000710a00000, 0x0000000710c00000|  0%| F|  |TAMS 0x0000000710a00000, 0x0000000710a00000| Untracked 
| 119|0x0000000710c00000, 0x0000000710c00000, 0x0000000710e00000|  0%| F|  |TAMS 0x0000000710c00000, 0x0000000710c00000| Untracked 
| 120|0x0000000710e00000, 0x0000000710e00000, 0x0000000711000000|  0%| F|  |TAMS 0x0000000710e00000, 0x0000000710e00000| Untracked 
| 121|0x0000000711000000, 0x0000000711000000, 0x0000000711200000|  0%| F|  |TAMS 0x0000000711000000, 0x0000000711000000| Untracked 
| 122|0x0000000711200000, 0x00000007112e1cb0, 0x0000000711400000| 44%| E|  |TAMS 0x0000000711200000, 0x0000000711200000| Complete 
| 123|0x0000000711400000, 0x0000000711600000, 0x0000000711600000|100%| E|CS|TAMS 0x0000000711400000, 0x0000000711400000| Complete 
| 124|0x0000000711600000, 0x0000000711800000, 0x0000000711800000|100%| E|CS|TAMS 0x0000000711600000, 0x0000000711600000| Complete 
| 125|0x0000000711800000, 0x0000000711a00000, 0x0000000711a00000|100%| E|CS|TAMS 0x0000000711800000, 0x0000000711800000| Complete 
| 126|0x0000000711a00000, 0x0000000711c00000, 0x0000000711c00000|100%| E|CS|TAMS 0x0000000711a00000, 0x0000000711a00000| Complete 
| 127|0x0000000711c00000, 0x0000000711e00000, 0x0000000711e00000|100%| E|CS|TAMS 0x0000000711c00000, 0x0000000711c00000| Complete 

Card table byte_map: [0x00000200deee0000,0x00000200df6e0000] _byte_map_base: 0x00000200db6d1000

Marking Bits (Prev, Next): (CMBitMap*) 0x00000200d5dad0d0, (CMBitMap*) 0x00000200d5dad110
 Prev Bits: [0x00000200dfee0000, 0x00000200e3e68000)
 Next Bits: [0x00000200e3e70000, 0x00000200e7df8000)

Polling page: 0x00000200d5ac0000

Metaspace:

Usage:
  Non-class:      8.99 MB used.
      Class:    994.55 KB used.
       Both:      9.96 MB used.

Virtual space:
  Non-class space:       16.00 MB reserved,       9.06 MB ( 57%) committed,  2 nodes.
      Class space:        1.00 GB reserved,       1.00 MB ( <1%) committed,  1 nodes.
             Both:        1.02 GB reserved,      10.06 MB ( <1%) committed. 

Chunk freelists:
   Non-Class:  2.49 MB
       Class:  3.00 MB
        Both:  5.50 MB

MaxMetaspaceSize: unlimited
CompressedClassSpaceSize: 1.00 GB
Initial GC threshold: 21.00 MB
Current GC threshold: 21.00 MB
CDS: off
MetaspaceReclaimPolicy: balanced
 - commit_granule_bytes: 65536.
 - commit_granule_words: 8192.
 - virtual_space_node_default_size: 1048576.
 - enlarge_chunks_in_place: 1.
 - new_chunks_are_fully_committed: 0.
 - uncommit_free_chunks: 1.
 - use_allocation_guard: 0.
 - handle_deallocations: 1.


Internal statistics:

num_allocs_failed_limit: 0.
num_arena_births: 64.
num_arena_deaths: 0.
num_vsnodes_births: 3.
num_vsnodes_deaths: 0.
num_space_committed: 161.
num_space_uncommitted: 0.
num_chunks_returned_to_freelist: 0.
num_chunks_taken_from_freelist: 96.
num_chunk_merges: 0.
num_chunk_splits: 52.
num_chunks_enlarged: 28.
num_purges: 0.
num_inconsistent_stats: 0.

CodeCache: size=49152Kb used=3160Kb max_used=3160Kb free=45991Kb
 bounds [0x00000200dabe0000, 0x00000200daf00000, 0x00000200ddbe0000]
 total_blobs=1143 nmethods=725 adapters=344
 compilation: enabled
              stopped_count=0, restarted_count=0
 full_count=0

Compilation events (20 events):
Event: 0.336 Thread 0x00000200eb6394d0 nmethod 714 0x00000200daef2290 code [0x00000200daef2480, 0x00000200daef2858]
Event: 0.336 Thread 0x00000200eb63b840 nmethod 713 0x00000200daef2a90 code [0x00000200daef2de0, 0x00000200daef3998]
Event: 0.337 Thread 0x00000200eb63b840  716       1       java.lang.invoke.MemberName::getModifiers (8 bytes)
Event: 0.337 Thread 0x00000200eb63b840 nmethod 716 0x00000200daef4010 code [0x00000200daef41a0, 0x00000200daef4278]
Event: 0.338 Thread 0x00000200eb63b840  717       1       java.util.logging.Logger::getName (5 bytes)
Event: 0.338 Thread 0x00000200eb63b840 nmethod 717 0x00000200daef4310 code [0x00000200daef44a0, 0x00000200daef4578]
Event: 0.339 Thread 0x00000200eb63b840  718       1       java.util.Properties::getProperty (50 bytes)
Event: 0.339 Thread 0x00000200eb63b840 nmethod 718 0x00000200daef4610 code [0x00000200daef47c0, 0x00000200daef4998]
Event: 0.340 Thread 0x00000200eb63b840  719       1       java.lang.invoke.DirectMethodHandle$Holder::invokeStatic (15 bytes)
Event: 0.340 Thread 0x00000200eb6394d0  720       1       java.lang.invoke.MethodTypeForm::cachedLambdaForm (23 bytes)
Event: 0.340 Thread 0x00000200eb63b840 nmethod 719 0x00000200daef4b10 code [0x00000200daef4cc0, 0x00000200daef4dd8]
Event: 0.340 Thread 0x00000200eb6394d0 nmethod 720 0x00000200daef4e90 code [0x00000200daef5040, 0x00000200daef5218]
Event: 0.340 Thread 0x00000200eb63b840  721       1       jdk.internal.misc.Unsafe::putReferenceRelease (9 bytes)
Event: 0.340 Thread 0x00000200eb6394d0  723       1       java.util.concurrent.ConcurrentHashMap::setTabAt (20 bytes)
Event: 0.340 Thread 0x00000200eb63b840 nmethod 721 0x00000200daef5710 code [0x00000200daef58a0, 0x00000200daef59b8]
Event: 0.340 Thread 0x00000200eb63b840  724       1       jdk.internal.access.SharedSecrets::getJavaLangAccess (4 bytes)
Event: 0.340 Thread 0x00000200eb6394d0 nmethod 723 0x00000200daef5a10 code [0x00000200daef5ba0, 0x00000200daef5cb8]
Event: 0.340 Thread 0x00000200eb63b840 nmethod 724 0x00000200daef5d10 code [0x00000200daef5ea0, 0x00000200daef5f58]
Event: 0.340 Thread 0x00000200eb63b840  725       1       java.lang.invoke.InfoFromMemberName::getReferenceKind (5 bytes)
Event: 0.340 Thread 0x00000200eb63b840 nmethod 725 0x00000200daef6010 code [0x00000200daef61a0, 0x00000200daef6278]

GC Heap History (0 events):
No events

Deoptimization events (0 events):
No events

Classes unloaded (0 events):
No events

Classes redefined (0 events):
No events

Internal exceptions (7 events):
Event: 0.217 Thread 0x00000200d5d3f8e0 Exception <a 'java/lang/NoSuchMethodError'{0x00000007117f5348}: 'java.lang.Object java.lang.invoke.DirectMethodHandle$Holder.invokeStaticInit(java.lang.Object)'> (0x00000007117f5348) 
thrown [s\src\hotspot\share\interpreter\linkResolver.cpp, line 759]
Event: 0.234 Thread 0x00000200d5d3f8e0 Exception <a 'java/lang/NoSuchMethodError'{0x000000071142f570}: 'int java.lang.invoke.DirectMethodHandle$Holder.invokeInterface(java.lang.Object, java.lang.Object)'> (0x000000071142f570) 
thrown [s\src\hotspot\share\interpreter\linkResolver.cpp, line 759]
Event: 0.235 Thread 0x00000200d5d3f8e0 Exception <a 'java/lang/IncompatibleClassChangeError'{0x0000000711432b70}: Found class java.lang.Object, but interface was expected> (0x0000000711432b70) 
thrown [s\src\hotspot\share\interpreter\linkResolver.cpp, line 826]
Event: 0.235 Thread 0x00000200d5d3f8e0 Exception <a 'java/lang/NoSuchMethodError'{0x0000000711438720}: 'void java.lang.invoke.DirectMethodHandle$Holder.invokeStatic(java.lang.Object, java.lang.Object)'> (0x0000000711438720) 
thrown [s\src\hotspot\share\interpreter\linkResolver.cpp, line 759]
Event: 0.271 Thread 0x00000200d5d3f8e0 Exception <a 'java/lang/NoSuchMethodError'{0x0000000711506600}: 'int java.lang.invoke.DirectMethodHandle$Holder.invokeSpecial(java.lang.Object, java.lang.Object, java.lang.Object)'> (0x0000000711506600) 
thrown [s\src\hotspot\share\interpreter\linkResolver.cpp, line 759]
Event: 0.310 Thread 0x00000200d5d3f8e0 Exception <a 'java/lang/NoSuchMethodError'{0x0000000711211038}: 'void java.lang.invoke.DirectMethodHandle$Holder.invokeStatic(java.lang.Object, java.lang.Object, java.lang.Object)'> (0x0000000711211038) 
thrown [s\src\hotspot\share\interpreter\linkResolver.cpp, line 759]
Event: 0.331 Thread 0x00000200d5d3f8e0 Exception <a 'java/lang/NoSuchMethodError'{0x000000071125b708}: 'int java.lang.invoke.DirectMethodHandle$Holder.invokeSpecialIFC(java.lang.Object, java.lang.Object, java.lang.Object)'> (0x000000071125b708) 
thrown [s\src\hotspot\share\interpreter\linkResolver.cpp, line 759]

VM Operations (4 events):
Event: 0.141 Executing VM operation: HandshakeAllThreads
Event: 0.141 Executing VM operation: HandshakeAllThreads done
Event: 0.319 Executing VM operation: HandshakeAllThreads
Event: 0.319 Executing VM operation: HandshakeAllThreads done

Events (20 events):
Event: 0.338 loading class java/util/logging/SimpleFormatter done
Event: 0.339 loading class jdk/internal/logger/SimpleConsoleLogger$Formatting
Event: 0.339 loading class jdk/internal/logger/SimpleConsoleLogger$Formatting done
Event: 0.339 loading class java/util/logging/ErrorManager
Event: 0.339 loading class java/util/logging/ErrorManager done
Event: 0.339 loading class java/util/logging/Handler$1
Event: 0.339 loading class java/util/logging/Handler$1 done
Event: 0.339 loading class java/util/logging/StreamHandler$1
Event: 0.339 loading class java/util/logging/StreamHandler$1 done
Event: 0.340 loading class sun/rmi/server/UnicastServerRef$HashToMethod_Maps
Event: 0.340 loading class sun/rmi/server/WeakClassHashMap
Event: 0.340 loading class sun/rmi/server/WeakClassHashMap done
Event: 0.340 loading class sun/rmi/server/UnicastServerRef$HashToMethod_Maps done
Event: 0.340 loading class sun/rmi/transport/LiveRef
Event: 0.340 loading class sun/rmi/transport/LiveRef done
Event: 0.341 loading class java/rmi/server/ObjID
Event: 0.341 loading class java/rmi/server/ObjID done
Event: 0.341 loading class java/rmi/server/UID
Event: 0.341 loading class java/rmi/server/UID done
Event: 0.341 loading class java/security/SecureRandom


Dynamic libraries:
0x00007ff7649c0000 - 0x00007ff7649ce000 	D:\CURSOS\Microservicios\sts\sts-4.15.3.RELEASE\plugins\org.eclipse.justj.openjdk.hotspot.jre.full.win32.x86_64_17.0.4.v20220805-1047\jre\bin\javaw.exe
0x00007ffd77e90000 - 0x00007ffd78088000 	C:\WINDOWS\SYSTEM32\ntdll.dll
0x00007ffd76110000 - 0x00007ffd761cf000 	C:\WINDOWS\System32\KERNEL32.DLL
0x00007ffd75760000 - 0x00007ffd75a32000 	C:\WINDOWS\System32\KERNELBASE.dll
0x00007ffd75660000 - 0x00007ffd75760000 	C:\WINDOWS\System32\ucrtbase.dll
0x00007ffd6e340000 - 0x00007ffd6e359000 	D:\CURSOS\Microservicios\sts\sts-4.15.3.RELEASE\plugins\org.eclipse.justj.openjdk.hotspot.jre.full.win32.x86_64_17.0.4.v20220805-1047\jre\bin\VCRUNTIME140.dll
0x00007ffd6e390000 - 0x00007ffd6e3a8000 	D:\CURSOS\Microservicios\sts\sts-4.15.3.RELEASE\plugins\org.eclipse.justj.openjdk.hotspot.jre.full.win32.x86_64_17.0.4.v20220805-1047\jre\bin\jli.dll
0x00007ffd761e0000 - 0x00007ffd76381000 	C:\WINDOWS\System32\USER32.dll
0x00007ffd5bdd0000 - 0x00007ffd5c06a000 	C:\WINDOWS\WinSxS\amd64_microsoft.windows.common-controls_6595b64144ccf1df_6.0.19041.1110_none_60b5254171f9507e\COMCTL32.dll
0x00007ffd75bf0000 - 0x00007ffd75c12000 	C:\WINDOWS\System32\win32u.dll
0x00007ffd77430000 - 0x00007ffd774ce000 	C:\WINDOWS\System32\msvcrt.dll
0x00007ffd76a30000 - 0x00007ffd76a5b000 	C:\WINDOWS\System32\GDI32.dll
0x00007ffd75ae0000 - 0x00007ffd75bef000 	C:\WINDOWS\System32\gdi32full.dll
0x00007ffd75a40000 - 0x00007ffd75add000 	C:\WINDOWS\System32\msvcp_win.dll
0x00007ffd768c0000 - 0x00007ffd768f2000 	C:\WINDOWS\System32\IMM32.DLL
0x00007ffd6f490000 - 0x00007ffd6f49c000 	D:\CURSOS\Microservicios\sts\sts-4.15.3.RELEASE\plugins\org.eclipse.justj.openjdk.hotspot.jre.full.win32.x86_64_17.0.4.v20220805-1047\jre\bin\vcruntime140_1.dll
0x00007ffd6cdc0000 - 0x00007ffd6ce51000 	D:\CURSOS\Microservicios\sts\sts-4.15.3.RELEASE\plugins\org.eclipse.justj.openjdk.hotspot.jre.full.win32.x86_64_17.0.4.v20220805-1047\jre\bin\msvcp140.dll
0x00007ffcfb4c0000 - 0x00007ffcfc106000 	D:\CURSOS\Microservicios\sts\sts-4.15.3.RELEASE\plugins\org.eclipse.justj.openjdk.hotspot.jre.full.win32.x86_64_17.0.4.v20220805-1047\jre\bin\server\jvm.dll
0x00007ffd76980000 - 0x00007ffd76a2e000 	C:\WINDOWS\System32\ADVAPI32.dll
0x00007ffd76a60000 - 0x00007ffd76afc000 	C:\WINDOWS\System32\sechost.dll
0x00007ffd775a0000 - 0x00007ffd776c5000 	C:\WINDOWS\System32\RPCRT4.dll
0x00007ffd768b0000 - 0x00007ffd768b8000 	C:\WINDOWS\System32\PSAPI.DLL
0x00007ffd5a320000 - 0x00007ffd5a329000 	C:\WINDOWS\SYSTEM32\WSOCK32.dll
0x00007ffd6d820000 - 0x00007ffd6d82a000 	C:\WINDOWS\SYSTEM32\VERSION.dll
0x00007ffd774d0000 - 0x00007ffd7753b000 	C:\WINDOWS\System32\WS2_32.dll
0x00007ffd65cb0000 - 0x00007ffd65cd7000 	C:\WINDOWS\SYSTEM32\WINMM.dll
0x00007ffd73dd0000 - 0x00007ffd73de2000 	C:\WINDOWS\SYSTEM32\kernel.appcore.dll
0x00007ffd6f0f0000 - 0x00007ffd6f0fa000 	D:\CURSOS\Microservicios\sts\sts-4.15.3.RELEASE\plugins\org.eclipse.justj.openjdk.hotspot.jre.full.win32.x86_64_17.0.4.v20220805-1047\jre\bin\jimage.dll
0x00007ffd73200000 - 0x00007ffd733e4000 	C:\WINDOWS\SYSTEM32\DBGHELP.DLL
0x00007ffd583d0000 - 0x00007ffd58405000 	C:\WINDOWS\SYSTEM32\dbgcore.DLL
0x00007ffd75ce0000 - 0x00007ffd75d62000 	C:\WINDOWS\System32\bcryptPrimitives.dll
0x00007ffd6e440000 - 0x00007ffd6e465000 	D:\CURSOS\Microservicios\sts\sts-4.15.3.RELEASE\plugins\org.eclipse.justj.openjdk.hotspot.jre.full.win32.x86_64_17.0.4.v20220805-1047\jre\bin\java.dll
0x00007ffd6ea90000 - 0x00007ffd6eaa8000 	D:\CURSOS\Microservicios\sts\sts-4.15.3.RELEASE\plugins\org.eclipse.justj.openjdk.hotspot.jre.full.win32.x86_64_17.0.4.v20220805-1047\jre\bin\zip.dll
0x00007ffd76c30000 - 0x00007ffd77374000 	C:\WINDOWS\System32\SHELL32.dll
0x00007ffd73620000 - 0x00007ffd73db2000 	C:\WINDOWS\SYSTEM32\windows.storage.dll
0x00007ffd77af0000 - 0x00007ffd77e45000 	C:\WINDOWS\System32\combase.dll
0x00007ffd74fe0000 - 0x00007ffd75010000 	C:\WINDOWS\SYSTEM32\Wldp.dll
0x00007ffd77380000 - 0x00007ffd7742d000 	C:\WINDOWS\System32\SHCORE.dll
0x00007ffd760b0000 - 0x00007ffd76105000 	C:\WINDOWS\System32\shlwapi.dll
0x00007ffd754c0000 - 0x00007ffd754df000 	C:\WINDOWS\SYSTEM32\profapi.dll
0x00007ffd6e500000 - 0x00007ffd6e519000 	D:\CURSOS\Microservicios\sts\sts-4.15.3.RELEASE\plugins\org.eclipse.justj.openjdk.hotspot.jre.full.win32.x86_64_17.0.4.v20220805-1047\jre\bin\net.dll
0x00007ffd6a450000 - 0x00007ffd6a55c000 	C:\WINDOWS\SYSTEM32\WINHTTP.dll
0x00007ffd74d40000 - 0x00007ffd74daa000 	C:\WINDOWS\system32\mswsock.dll
0x00007ffd651d0000 - 0x00007ffd651e5000 	D:\CURSOS\Microservicios\sts\sts-4.15.3.RELEASE\plugins\org.eclipse.justj.openjdk.hotspot.jre.full.win32.x86_64_17.0.4.v20220805-1047\jre\bin\nio.dll
0x00007ffd6ed70000 - 0x00007ffd6ed79000 	D:\CURSOS\Microservicios\sts\sts-4.15.3.RELEASE\plugins\org.eclipse.justj.openjdk.hotspot.jre.full.win32.x86_64_17.0.4.v20220805-1047\jre\bin\management.dll
0x00007ffd6ecc0000 - 0x00007ffd6eccb000 	D:\CURSOS\Microservicios\sts\sts-4.15.3.RELEASE\plugins\org.eclipse.justj.openjdk.hotspot.jre.full.win32.x86_64_17.0.4.v20220805-1047\jre\bin\management_ext.dll
0x00007ffd581f0000 - 0x00007ffd58207000 	C:\WINDOWS\system32\napinsp.dll
0x00007ffd57e20000 - 0x00007ffd57e3b000 	C:\WINDOWS\system32\pnrpnsp.dll
0x00007ffd6ff50000 - 0x00007ffd6ff65000 	C:\WINDOWS\system32\wshbth.dll
0x00007ffd70ad0000 - 0x00007ffd70aed000 	C:\WINDOWS\system32\NLAapi.dll
0x00007ffd749e0000 - 0x00007ffd74a1b000 	C:\WINDOWS\SYSTEM32\IPHLPAPI.DLL
0x00007ffd74a20000 - 0x00007ffd74aea000 	C:\WINDOWS\SYSTEM32\DNSAPI.dll
0x00007ffd77a00000 - 0x00007ffd77a08000 	C:\WINDOWS\System32\NSI.dll
0x00007ffd57d50000 - 0x00007ffd57d62000 	C:\WINDOWS\System32\winrnr.dll
0x00007ffd66d60000 - 0x00007ffd66de0000 	C:\WINDOWS\System32\fwpuclnt.dll
0x00007ffd75630000 - 0x00007ffd75657000 	C:\WINDOWS\System32\bcrypt.dll

dbghelp: loaded successfully - version: 4.0.5 - missing functions: none
symbol engine: initialized successfully - sym options: 0x614 - pdb path: .;D:\CURSOS\Microservicios\sts\sts-4.15.3.RELEASE\plugins\org.eclipse.justj.openjdk.hotspot.jre.full.win32.x86_64_17.0.4.v20220805-1047\jre\bin;C:\WINDOWS\SYSTEM32;C:\WINDOWS\WinSxS\amd64_microsoft.windows.common-controls_6595b64144ccf1df_6.0.19041.1110_none_60b5254171f9507e;D:\CURSOS\Microservicios\sts\sts-4.15.3.RELEASE\plugins\org.eclipse.justj.openjdk.hotspot.jre.full.win32.x86_64_17.0.4.v20220805-1047\jre\bin\server

VM Arguments:
jvm_args: -Dcom.sun.management.jmxremote -Dcom.sun.management.jmxremote.port=57923 -Dcom.sun.management.jmxremote.authenticate=false -Dcom.sun.management.jmxremote.ssl=false -Djava.rmi.server.hostname=localhost -Dspring.jmx.enabled=true -Dspring.application.admin.enabled=true -XX:TieredStopAtLevel=1 -Dspring.boot.project.name=nttdatacenters-tallerspring1REST -Dfile.encoding=UTF-8 -XX:+ShowCodeDetailsInExceptionMessages 
java_command: com.nttdata.Tallerspring1RestApplication --spring.output.ansi.enabled=always
java_class_path (initial): C:\dev\Workspace\Spring\nttdatacenters-tallerspring1REST\target\classes;C:\Users\Tutmo\.m2\repository\org\modelmapper\modelmapper\2.3.9\modelmapper-2.3.9.jar;C:\Users\Tutmo\.m2\repository\org\springframework\boot\spring-boot-starter-actuator\3.0.0\spring-boot-starter-actuator-3.0.0.jar;C:\Users\Tutmo\.m2\repository\org\springframework\boot\spring-boot-starter\3.0.0\spring-boot-starter-3.0.0.jar;C:\Users\Tutmo\.m2\repository\org\springframework\boot\spring-boot-starter-logging\3.0.0\spring-boot-starter-logging-3.0.0.jar;C:\Users\Tutmo\.m2\repository\ch\qos\logback\logback-classic\1.4.5\logback-classic-1.4.5.jar;C:\Users\Tutmo\.m2\repository\ch\qos\logback\logback-core\1.4.5\logback-core-1.4.5.jar;C:\Users\Tutmo\.m2\repository\org\apache\logging\log4j\log4j-to-slf4j\2.19.0\log4j-to-slf4j-2.19.0.jar;C:\Users\Tutmo\.m2\repository\org\apache\logging\log4j\log4j-api\2.19.0\log4j-api-2.19.0.jar;C:\Users\Tutmo\.m2\repository\org\slf4j\jul-to-slf4j\2.0.4\jul-to-slf4j-2.0.4.jar;C:\Users\Tutmo\.m2\repository\jakarta\annotation\jakarta.annotation-api\2.1.1\jakarta.annotation-api-2.1.1.jar;C:\Users\Tutmo\.m2\repository\org\yaml\snakeyaml\1.33\snakeyaml-1.33.jar;C:\Users\Tutmo\.m2\repository\org\springframework\boot\spring-boot-actuator-autoconfigure\3.0.0\spring-boot-actuator-autoconfigure-3.0.0.jar;C:\Users\Tutmo\.m2\repository\org\springframework\boot\spring-boot-actuator\3.0.0\spring-boot-actuator-3.0.0.jar;C:\Users\Tutmo\.m2\repository\com\fasterxml\jackson\core\jackson-databind\2.14.1\jackson-databind-2.14.1.jar;C:\Users\Tutmo\.m2\repository\com\fasterxml\jackson\core\jackson-annotations\2.14.1\jackson-annotations-2.14.1.jar;C:\Users\Tutmo\.m2\repository\com\fasterxml\jackson\core\jackson-core\2.14.1\jackson-core-2.14.1.jar;C:\Users\Tutmo\.m2\repository\com\fasterxml\jackson\datatype\jackson-datatype-jsr310\2.14.1\jackson-datatype-jsr310-2.14.1.jar;C:\Users\Tutmo\.m2\repository\io\micrometer\micrometer-observation\1.10.2\micrometer-observation-1
Launcher Type: SUN_STANDARD

[Global flags]
     intx CICompilerCount                          = 4                                         {product} {ergonomic}
     uint ConcGCThreads                            = 3                                         {product} {ergonomic}
     uint G1ConcRefinementThreads                  = 10                                        {product} {ergonomic}
   size_t G1HeapRegionSize                         = 2097152                                   {product} {ergonomic}
    uintx GCDrainStackTargetSize                   = 64                                        {product} {ergonomic}
   size_t InitialHeapSize                          = 268435456                                 {product} {ergonomic}
     bool ManagementServer                         = true                                      {product} {command line}
   size_t MarkStackSize                            = 4194304                                   {product} {ergonomic}
   size_t MaxHeapSize                              = 4263510016                                {product} {ergonomic}
   size_t MaxNewSize                               = 2556428288                                {product} {ergonomic}
   size_t MinHeapDeltaBytes                        = 2097152                                   {product} {ergonomic}
   size_t MinHeapSize                              = 8388608                                   {product} {ergonomic}
    uintx NonProfiledCodeHeapSize                  = 0                                      {pd product} {ergonomic}
     bool ProfileInterpreter                       = false                                  {pd product} {command line}
    uintx ProfiledCodeHeapSize                     = 0                                      {pd product} {ergonomic}
     bool ShowCodeDetailsInExceptionMessages       = true                                   {manageable} {command line}
   size_t SoftMaxHeapSize                          = 4263510016                             {manageable} {ergonomic}
     intx TieredStopAtLevel                        = 1                                         {product} {command line}
     bool UseCompressedClassPointers               = true                           {product lp64_product} {ergonomic}
     bool UseCompressedOops                        = true                           {product lp64_product} {ergonomic}
     bool UseG1GC                                  = true                                      {product} {ergonomic}
     bool UseLargePagesIndividualAllocation        = false                                  {pd product} {ergonomic}

Logging:
Log output configuration:
 #0: stdout all=warning uptime,level,tags
 #1: stderr all=off uptime,level,tags

Environment Variables:
JAVA_HOME=C:\dev\Software\JDK\Version\jdk-19.0.1
PATH=D:/CURSOS/Microservicios/sts/sts-4.15.3.RELEASE//plugins/org.eclipse.justj.openjdk.hotspot.jre.full.win32.x86_64_17.0.4.v20220805-1047/jre/bin/server;D:/CURSOS/Microservicios/sts/sts-4.15.3.RELEASE//plugins/org.eclipse.justj.openjdk.hotspot.jre.full.win32.x86_64_17.0.4.v20220805-1047/jre/bin;C:\dev\Software\JDK\Oracle\OracleXE\dbhomeXE\bin;C:\Program Files\Oculus\Support\oculus-runtime;C:\windows\system32;C:\windows;C:\windows\System32\Wbem;C:\windows\System32\WindowsPowerShell\v1.0\;C:\windows\System32\OpenSSH\;C:\Program Files (x86)\NVIDIA Corporation\PhysX\Common;C:\Program Files\NVIDIA Corporation\NVIDIA NvDLISR;C:\Program Files\nodejs\;C:\Program Files\Intel\WiFi\bin\;C:\Program Files\Common Files\Intel\WirelessCommon\;C:\WINDOWS\system32;C:\WINDOWS;C:\WINDOWS\System32\Wbem;C:\WINDOWS\System32\WindowsPowerShell\v1.0\;C:\WINDOWS\System32\OpenSSH\;C:\Program Files (x86)\Brackets\command;C:\Program Files\Java\jdk-14.0.2\bin;C:\Program Files\SourceGear\Common\DiffMerge\;C:\dev\Software\Apache\Apache Maven\apache-maven-3.8.6\bin;C:\dev\Software\JDK\Version\jdk-19.0.1\bin;C:\Program Files\Git\cmd;C:\Program Files\MySQL\MySQL Shell 8.0\bin\;C:\Users\Tutmo\AppData\Local\Microsoft\WindowsApps;C:\Users\Tutmo\AppData\Roaming\npm;C:\Users\Tutmo\AppData\Local\Programs\Microsoft VS Code\bin;C:\Users\Tutmo\AppData\Local\GitHubDesktop\bin;C:\Program Files (x86)\OpenVPN\bin;C:\dev\Software\JDK\Version\jdk-19.0.1\bin;C:\dev\Software\Apache\Apache Maven\apache-maven-3.8.6\bin;;D:\CURSOS\Microservicios\sts\sts-4.15.3.RELEASE;
USERNAME=Tutmo
OS=Windows_NT
PROCESSOR_IDENTIFIER=Intel64 Family 6 Model 158 Stepping 10, GenuineIntel
TMP=C:\Users\Tutmo\AppData\Local\Temp
TEMP=C:\Users\Tutmo\AppData\Local\Temp



---------------  S Y S T E M  ---------------

OS:
 Windows 10 , 64 bit Build 19041 (10.0.19041.2364)
OS uptime: 0 days 11:51 hours

CPU: total 12 (initial active 12) (6 cores per cpu, 2 threads per core) family 6 model 158 stepping 10 microcode 0xca, cx8, cmov, fxsr, ht, mmx, 3dnowpref, sse, sse2, sse3, ssse3, sse4.1, sse4.2, popcnt, lzcnt, tsc, tscinvbit, avx, avx2, aes, erms, clmul, bmi1, bmi2, adx, fma, vzeroupper, clflush, clflushopt

Memory: 4k page, system-wide physical 16260M (5897M free)
TotalPageFile size 18308M (AvailPageFile size 5M)
current process WorkingSet (physical memory assigned to process): 51M, peak: 51M
current process commit charge ("private bytes"): 347M, peak: 347M

vm_info: OpenJDK 64-Bit Server VM (17.0.4+8) for windows-amd64 JRE (17.0.4+8), built on Jul 19 2022 16:05:16 by "temurin" with MS VC++ 16.7 (VS2019)

END.
